This is pdfTeX, Version 3.14159265-2.6-1.40.16 (TeX Live 2015/Debian) (preloaded format=pdflatex 2016.4.18)  21 MAR 2019 23:33
entering extended mode
 restricted \write18 enabled.
 %&-line parsing enabled.
**problemasgestion2008.tex
(./problemasgestion2008.tex
LaTeX2e <2015/01/01>
Babel <3.9l> and hyphenation patterns for 30 languages loaded.
(/usr/share/texlive/texmf-dist/tex/latex/base/article.cls
Document Class: article 2014/09/29 v1.4h Standard LaTeX document class
(/usr/share/texlive/texmf-dist/tex/latex/base/size12.clo
File: size12.clo 2014/09/29 v1.4h Standard LaTeX file (size option)
)
\c@part=\count79
\c@section=\count80
\c@subsection=\count81
\c@subsubsection=\count82
\c@paragraph=\count83
\c@subparagraph=\count84
\c@figure=\count85
\c@table=\count86
\abovecaptionskip=\skip41
\belowcaptionskip=\skip42
\bibindent=\dimen102
)
(/usr/share/texlive/texmf-dist/tex/latex/tools/enumerate.sty
Package: enumerate 2015/07/23 v3.00 enumerate extensions (DPC)
\@enLab=\toks14
)
(/usr/share/texlive/texmf-dist/tex/latex/base/fontenc.sty
Package: fontenc 2005/09/27 v1.99g Standard LaTeX package

(/usr/share/texlive/texmf-dist/tex/latex/base/t1enc.def
File: t1enc.def 2005/09/27 v1.99g Standard LaTeX file
LaTeX Font Info:    Redeclaring font encoding T1 on input line 48.
))
(./problemasgestion2008.aux)
\openout1 = `problemasgestion2008.aux'.

LaTeX Font Info:    Checking defaults for OML/cmm/m/it on input line 29.
LaTeX Font Info:    ... okay on input line 29.
LaTeX Font Info:    Checking defaults for T1/cmr/m/n on input line 29.
LaTeX Font Info:    ... okay on input line 29.
LaTeX Font Info:    Checking defaults for OT1/cmr/m/n on input line 29.
LaTeX Font Info:    ... okay on input line 29.
LaTeX Font Info:    Checking defaults for OMS/cmsy/m/n on input line 29.
LaTeX Font Info:    ... okay on input line 29.
LaTeX Font Info:    Checking defaults for OMX/cmex/m/n on input line 29.
LaTeX Font Info:    ... okay on input line 29.
LaTeX Font Info:    Checking defaults for U/cmr/m/n on input line 29.
LaTeX Font Info:    ... okay on input line 29.
\c@problemes=\count87
LaTeX Font Info:    External font `cmex10' loaded for size
(Font)              <12> on input line 87.
LaTeX Font Info:    External font `cmex10' loaded for size
(Font)              <8> on input line 87.
LaTeX Font Info:    External font `cmex10' loaded for size
(Font)              <6> on input line 87.

Underfull \hbox (badness 10000) in paragraph at lines 145--145
[]\T1/cmr/m/n/12 Intervalo
 []


Underfull \hbox (badness 10000) in paragraph at lines 145--145
\T1/cmr/m/n/12 de
 []


Underfull \hbox (badness 10000) in paragraph at lines 145--145
\T1/cmr/m/n/12 unidades
 []

[1

{/var/lib/texmf/fonts/map/pdftex/updmap/pdftex.map}] [2] [3] [4] [5]
Overfull \hbox (10.91032pt too wide) in paragraph at lines 444--447
\T1/cmr/bx/n/12 23.-  \T1/cmr/m/n/12 Los sigu-ientes pe-sos en Kg. cor-re-spon-
den a lan-gostas com-pradas en la misma pescader√≠a
 []

[6] [7] [8] [9] [10]
LaTeX Font Info:    External font `cmex10' loaded for size
(Font)              <7> on input line 699.
LaTeX Font Info:    External font `cmex10' loaded for size
(Font)              <5> on input line 699.
 [11] [12] [13] [14]
Overfull \hbox (6.05136pt too wide) in paragraph at lines 914--922
\T1/cmr/bx/n/12 66.- \T1/cmr/m/n/12 Dos sis-temas con cu-a-tro com-po-nentes in
-de-pen-di-entes con fi-a-bil-i-dades re-spec-ti-vas $\OML/cmm/m/it/12 p[]; p[]
; p[]$
 []

[15] [16] [17] [18] [19] [20] [21] [22] [23] [24] [25] [26]
Underfull \hbox (badness 10000) in paragraph at lines 1801--1801
[][]\T1/cmr/m/n/10 Sol.: a) $\OML/cmm/m/it/10 k \OT1/cmr/m/n/10 = []$\T1/cmr/m/
n/10 ; b) $\OML/cmm/m/it/10 f[]\OT1/cmr/m/n/10 (\OML/cmm/m/it/10 x\OT1/cmr/m/n/
10 ) = []$\T1/cmr/m/n/10 ; $\OML/cmm/m/it/10 f[]\OT1/cmr/m/n/10 (\OML/cmm/m/it/
10 y\OT1/cmr/m/n/10 ) =
 []

[27]
Underfull \hbox (badness 1270) in paragraph at lines 1841--1841
\T1/cmr/m/n/10 i-lar; d)$\OML/cmm/m/it/10 E\OT1/cmr/m/n/10 (\OML/cmm/m/it/10 X\
OT1/cmr/m/n/10 ) = \OML/cmm/m/it/10 E\OT1/cmr/m/n/10 (\OML/cmm/m/it/10 Y\OT1/cm
r/m/n/10 ) = []$\T1/cmr/m/n/10 ; e) $\OML/cmm/m/it/10 Cov\OT1/cmr/m/n/10 (\OML/
cmm/m/it/10 X; Y\OT1/cmr/m/n/10 ) = []$\T1/cmr/m/n/10 ; f) $[]$; g) $\OML/cmm/m
/it/10 f[]\OT1/cmr/m/n/10 (\OML/cmm/m/it/10 x\OMS/cmsy/m/n/10 j\OT1/cmr/m/n/10 
50) =
 []

[28] [29]
Overfull \hbox (13.93486pt too wide) in paragraph at lines 1984--1986
[]\T1/cmr/m/n/12 Calcular la es-per-anza y la var-i-anza de $\OML/cmm/m/it/12 W
$ \T1/cmr/m/n/12 si $\OML/cmm/m/it/12 Cov\OT1/cmr/m/n/12 (\OML/cmm/m/it/12 X; Y
\OT1/cmr/m/n/12 ) = 1\OML/cmm/m/it/12 =\OT1/cmr/m/n/12 4\OML/cmm/m/it/12 ; Cov\
OT1/cmr/m/n/12 (\OML/cmm/m/it/12 X; Z\OT1/cmr/m/n/12 ) = 1\OML/cmm/m/it/12 =\OT
1/cmr/m/n/12 4\OML/cmm/m/it/12 ; Cov\OT1/cmr/m/n/12 (\OML/cmm/m/it/12 Y; Z\OT1/
cmr/m/n/12 ) =
 []

[30] [31]
Underfull \hbox (badness 10000) in paragraph at lines 2146--2149
\T1/cmr/m/n/12 se en-cuen-tre la me-dia mues-tral de los pre-cios de venta:
 []


Underfull \hbox (badness 10000) in paragraph at lines 2146--2149

 []

[32] [33] [34] [35] [36] [37]
Overfull \hbox (17.83438pt too wide) in paragraph at lines 2476--2479
[]\T1/cmr/m/n/12 (Examen ju-nio 2003) Cal-cu-lar el es-ti-mador m√°x-imo veros√
≠mil (MLE[]) para el par√°metro
 []

[38] [39] [40] [41] [42] [43] [44]
Overfull \hbox (205.14671pt too wide) in paragraph at lines 2917--2919
[]$\OT1/cmr/m/n/12 140\OML/cmm/m/it/12 :\OT1/cmr/m/n/12 7\OML/cmm/m/it/12 ; \OT
1/cmr/m/n/12 13\OML/cmm/m/it/12 :\OT1/cmr/m/n/12 7\OML/cmm/m/it/12 ; \OT1/cmr/m
/n/12 67\OML/cmm/m/it/12 :\OT1/cmr/m/n/12 6\OML/cmm/m/it/12 ; \OT1/cmr/m/n/12 7
\OML/cmm/m/it/12 :\OT1/cmr/m/n/12 8\OML/cmm/m/it/12 ; \OT1/cmr/m/n/12 49\OML/cm
m/m/it/12 :\OT1/cmr/m/n/12 3\OML/cmm/m/it/12 ; \OT1/cmr/m/n/12 128\OML/cmm/m/it
/12 :\OT1/cmr/m/n/12 5\OML/cmm/m/it/12 ; \OT1/cmr/m/n/12 59\OML/cmm/m/it/12 :\O
T1/cmr/m/n/12 6\OML/cmm/m/it/12 ; \OT1/cmr/m/n/12 234\OML/cmm/m/it/12 ; \OT1/cm
r/m/n/12 171\OML/cmm/m/it/12 :\OT1/cmr/m/n/12 1\OML/cmm/m/it/12 ; \OT1/cmr/m/n/
12 205\OML/cmm/m/it/12 :\OT1/cmr/m/n/12 8\OML/cmm/m/it/12 ; \OT1/cmr/m/n/12 99\
OML/cmm/m/it/12 :\OT1/cmr/m/n/12 3\OML/cmm/m/it/12 ; \OT1/cmr/m/n/12 199\OML/cm
m/m/it/12 :\OT1/cmr/m/n/12 8\OML/cmm/m/it/12 ; \OT1/cmr/m/n/12 100\OML/cmm/m/it
/12 :\OT1/cmr/m/n/12 8\OML/cmm/m/it/12 ; \OT1/cmr/m/n/12 13\OML/cmm/m/it/12 :\O
T1/cmr/m/n/12 5\OML/cmm/m/it/12 ; \OT1/cmr/m/n/12 12\OML/cmm/m/it/12 ; \OT1/cmr
/m/n/12 33\OML/cmm/m/it/12 :\OT1/cmr/m/n/12 9\OML/cmm/m/it/12 ;$ $\OT1/cmr/m/n/
12 44\OML/cmm/m/it/12 :\OT1/cmr/m/n/12 1\OML/cmm/m/it/12 ; \OT1/cmr/m/n/12 12\O
ML/cmm/m/it/12 :\OT1/cmr/m/n/12 3\OML/cmm/m/it/12 ; \OT1/cmr/m/n/12 56\OML/cmm/
m/it/12 :\OT1/cmr/m/n/12 4\OML/cmm/m/it/12 ; \OT1/cmr/m/n/12 9\OML/cmm/m/it/12 
:\OT1/cmr/m/n/12 4\OML/cmm/m/it/12 ; \OT1/cmr/m/n/12 112\OML/cmm/m/it/12 :\OT1/
cmr/m/n/12 1\OML/cmm/m/it/12 ; \OT1/cmr/m/n/12 8\OML/cmm/m/it/12 :\OT1/cmr/m/n/
12 2\OML/cmm/m/it/12 ; \OT1/cmr/m/n/12 110\OML/cmm/m/it/12 :\OT1/cmr/m/n/12 5\O
ML/cmm/m/it/12 ; \OT1/cmr/m/n/12 79\OML/cmm/m/it/12 ; \OT1/cmr/m/n/12 55\OML/cm
m/m/it/12 :\OT1/cmr/m/n/12 4$ 
 []

[45] [46] [47] [48] (./problemasgestion2008.aux) ) 
Here is how much of TeX's memory you used:
 505 strings out of 494374
 4869 string characters out of 6163920
 59907 words of memory out of 5000000
 3835 multiletter control sequences out of 15000+600000
 14513 words of font info for 38 fonts, out of 8000000 for 9000
 376 hyphenation exceptions out of 8191
 26i,10n,21p,449b,256s stack positions out of 5000i,500n,10000p,200000b,80000s
 </home/ricardo/.texmf-var/fo
nts/pk/ljfour/jknappen/ec/ecrm0800.600pk> </home/ricardo/.texmf-var/fonts/pk/lj
four/jknappen/ec/ecti1000.600pk> </home/ricardo/.texmf-var/fonts/pk/ljfour/jkna
ppen/ec/ecbx1000.600pk> </home/ricardo/.texmf-var/fonts/pk/ljfour/jknappen/ec/e
crm1000.600pk> </home/ricardo/.texmf-var/fonts/pk/ljfour/jknappen/ec/ecrm0700.6
00pk> </home/ricardo/.texmf-var/fonts/pk/ljfour/jknappen/ec/ecti1200.600pk> </h
ome/ricardo/.texmf-var/fonts/pk/ljfour/jknappen/ec/ecrm1200.600pk> </home/ricar
do/.texmf-var/fonts/pk/ljfour/jknappen/ec/ecbx1200.600pk></usr/share/texlive/te
xmf-dist/fonts/type1/public/amsfonts/cm/cmbx10.pfb></usr/share/texlive/texmf-di
st/fonts/type1/public/amsfonts/cm/cmbx12.pfb></usr/share/texlive/texmf-dist/fon
ts/type1/public/amsfonts/cm/cmbx6.pfb></usr/share/texlive/texmf-dist/fonts/type
1/public/amsfonts/cm/cmbx7.pfb></usr/share/texlive/texmf-dist/fonts/type1/publi
c/amsfonts/cm/cmbx8.pfb></usr/share/texlive/texmf-dist/fonts/type1/public/amsfo
nts/cm/cmex10.pfb></usr/share/texlive/texmf-dist/fonts/type1/public/amsfonts/cm
/cmmi10.pfb></usr/share/texlive/texmf-dist/fonts/type1/public/amsfonts/cm/cmmi1
2.pfb></usr/share/texlive/texmf-dist/fonts/type1/public/amsfonts/cm/cmmi7.pfb><
/usr/share/texlive/texmf-dist/fonts/type1/public/amsfonts/cm/cmmi8.pfb></usr/sh
are/texlive/texmf-dist/fonts/type1/public/amsfonts/cm/cmr10.pfb></usr/share/tex
live/texmf-dist/fonts/type1/public/amsfonts/cm/cmr12.pfb></usr/share/texlive/te
xmf-dist/fonts/type1/public/amsfonts/cm/cmr5.pfb></usr/share/texlive/texmf-dist
/fonts/type1/public/amsfonts/cm/cmr6.pfb></usr/share/texlive/texmf-dist/fonts/t
ype1/public/amsfonts/cm/cmr7.pfb></usr/share/texlive/texmf-dist/fonts/type1/pub
lic/amsfonts/cm/cmr8.pfb></usr/share/texlive/texmf-dist/fonts/type1/public/amsf
onts/cm/cmsy10.pfb></usr/share/texlive/texmf-dist/fonts/type1/public/amsfonts/c
m/cmsy7.pfb></usr/share/texlive/texmf-dist/fonts/type1/public/amsfonts/cm/cmsy8
.pfb>
Output written on problemasgestion2008.pdf (48 pages, 402189 bytes).
PDF statistics:
 590 PDF objects out of 1000 (max. 8388607)
 197 compressed objects within 2 object streams
 0 named destinations out of 1000 (max. 500000)
 1 words of extra memory for PDF output out of 10000 (max. 10000000)

