This is pdfTeX, Version 3.14159265-2.6-1.40.19 (TeX Live 2019/dev/Debian) (preloaded format=pdflatex 2019.4.27)  24 SEP 2019 18:47
entering extended mode
 restricted \write18 enabled.
 %&-line parsing enabled.
**problemas_Probabilidad_VA_MATIII.tex
(./problemas_Probabilidad_VA_MATIII.tex
LaTeX2e <2018-12-01>
(/usr/share/texlive/texmf-dist/tex/latex/base/article.cls
Document Class: article 2018/09/03 v1.4i Standard LaTeX document class
(/usr/share/texlive/texmf-dist/tex/latex/base/size12.clo
File: size12.clo 2018/09/03 v1.4i Standard LaTeX file (size option)
)
\c@part=\count80
\c@section=\count81
\c@subsection=\count82
\c@subsubsection=\count83
\c@paragraph=\count84
\c@subparagraph=\count85
\c@figure=\count86
\c@table=\count87
\abovecaptionskip=\skip41
\belowcaptionskip=\skip42
\bibindent=\dimen102
)
(/usr/share/texlive/texmf-dist/tex/latex/tools/enumerate.sty
Package: enumerate 2015/07/23 v3.00 enumerate extensions (DPC)
\@enLab=\toks14
)
(/usr/share/texlive/texmf-dist/tex/latex/base/inputenc.sty
Package: inputenc 2018/08/11 v1.3c Input encoding file
\inpenc@prehook=\toks15
\inpenc@posthook=\toks16
)
(./problemas_Probabilidad_VA_MATIII.aux)
\openout1 = `problemas_Probabilidad_VA_MATIII.aux'.

LaTeX Font Info:    Checking defaults for OML/cmm/m/it on input line 29.
LaTeX Font Info:    ... okay on input line 29.
LaTeX Font Info:    Checking defaults for T1/cmr/m/n on input line 29.
LaTeX Font Info:    ... okay on input line 29.
LaTeX Font Info:    Checking defaults for OT1/cmr/m/n on input line 29.
LaTeX Font Info:    ... okay on input line 29.
LaTeX Font Info:    Checking defaults for OMS/cmsy/m/n on input line 29.
LaTeX Font Info:    ... okay on input line 29.
LaTeX Font Info:    Checking defaults for OMX/cmex/m/n on input line 29.
LaTeX Font Info:    ... okay on input line 29.
LaTeX Font Info:    Checking defaults for U/cmr/m/n on input line 29.
LaTeX Font Info:    ... okay on input line 29.
\c@problemes=\count88
LaTeX Font Info:    External font `cmex10' loaded for size
(Font)              <7> on input line 92.
LaTeX Font Info:    External font `cmex10' loaded for size
(Font)              <5> on input line 92.
 [1

{/var/lib/texmf/fonts/map/pdftex/updmap/pdftex.map}]
LaTeX Font Info:    External font `cmex10' loaded for size
(Font)              <12> on input line 143.
LaTeX Font Info:    External font `cmex10' loaded for size
(Font)              <8> on input line 143.
LaTeX Font Info:    External font `cmex10' loaded for size
(Font)              <6> on input line 143.
 [2]
Overfull \hbox (18.95723pt too wide) in paragraph at lines 183--189
\OT1/cmr/m/n/12 mismo a~no). Cal-cu-lar la prob-a-bil-i-dad para los sigu-iente
s val-ores de $\OML/cmm/m/it/12 n \OT1/cmr/m/n/12 : 10\OML/cmm/m/it/12 ; \OT1/c
mr/m/n/12 15\OML/cmm/m/it/12 ; \OT1/cmr/m/n/12 22\OML/cmm/m/it/12 ; \OT1/cmr/m/
n/12 23\OML/cmm/m/it/12 ; \OT1/cmr/m/n/12 30\OML/cmm/m/it/12 ; \OT1/cmr/m/n/12 
40\OML/cmm/m/it/12 ; \OT1/cmr/m/n/12 50\OML/cmm/m/it/12 ; \OT1/cmr/m/n/12 55$.
 []

[3] [4]
Overfull \hbox (6.15298pt too wide) in paragraph at lines 307--315
\OT1/cmr/bx/n/12 33.- \OT1/cmr/m/n/12 Dos sis-temas con cu-a-tro com-po-nentes 
in-de-pen-di-entes con fi-a-bil-i-dades re-spec-ti-vas $\OML/cmm/m/it/12 p[]; p
[]; p[]$
 []

[5] [6] [7] [8] [9] [10] [11] [12] [13] (./problemas_Probabilidad_VA_MATIII.aux
) ) 
Here is how much of TeX's memory you used:
 296 strings out of 492615
 3595 string characters out of 6131390
 67280 words of memory out of 5000000
 4272 multiletter control sequences out of 15000+600000
 8879 words of font info for 31 fonts, out of 8000000 for 9000
 1141 hyphenation exceptions out of 8191
 26i,8n,19p,336b,250s stack positions out of 5000i,500n,10000p,200000b,80000s
</usr/share/texlive/texmf-dist/fonts/type1/public/amsfonts/cm/cmbx10.pfb></u
sr/share/texlive/texmf-dist/fonts/type1/public/amsfonts/cm/cmbx12.pfb></usr/sha
re/texlive/texmf-dist/fonts/type1/public/amsfonts/cm/cmbx7.pfb></usr/share/texl
ive/texmf-dist/fonts/type1/public/amsfonts/cm/cmbx8.pfb></usr/share/texlive/tex
mf-dist/fonts/type1/public/amsfonts/cm/cmex10.pfb></usr/share/texlive/texmf-dis
t/fonts/type1/public/amsfonts/cm/cmmi10.pfb></usr/share/texlive/texmf-dist/font
s/type1/public/amsfonts/cm/cmmi12.pfb></usr/share/texlive/texmf-dist/fonts/type
1/public/amsfonts/cm/cmmi7.pfb></usr/share/texlive/texmf-dist/fonts/type1/publi
c/amsfonts/cm/cmmi8.pfb></usr/share/texlive/texmf-dist/fonts/type1/public/amsfo
nts/cm/cmr10.pfb></usr/share/texlive/texmf-dist/fonts/type1/public/amsfonts/cm/
cmr12.pfb></usr/share/texlive/texmf-dist/fonts/type1/public/amsfonts/cm/cmr6.pf
b></usr/share/texlive/texmf-dist/fonts/type1/public/amsfonts/cm/cmr7.pfb></usr/
share/texlive/texmf-dist/fonts/type1/public/amsfonts/cm/cmr8.pfb></usr/share/te
xlive/texmf-dist/fonts/type1/public/amsfonts/cm/cmsy10.pfb></usr/share/texlive/
texmf-dist/fonts/type1/public/amsfonts/cm/cmsy7.pfb></usr/share/texlive/texmf-d
ist/fonts/type1/public/amsfonts/cm/cmsy8.pfb></usr/share/texlive/texmf-dist/fon
ts/type1/public/amsfonts/cm/cmti12.pfb>
Output written on problemas_Probabilidad_VA_MATIII.pdf (13 pages, 220750 bytes)
.
PDF statistics:
 119 PDF objects out of 1000 (max. 8388607)
 85 compressed objects within 1 object stream
 0 named destinations out of 1000 (max. 500000)
 1 words of extra memory for PDF output out of 10000 (max. 10000000)

