This is pdfTeX, Version 3.1415926-2.4-1.40.13 (TeX Live 2012/Debian) (format=pdflatex 2013.5.25)  18 SEP 2013 10:13
entering extended mode
 restricted \write18 enabled.
 %&-line parsing enabled.
**SolproblemasEstadisticaGestion1.tex
(./SolproblemasEstadisticaGestion1.tex
LaTeX2e <2011/06/27>
Babel <v3.8m> and hyphenation patterns for english, dumylang, nohyphenation, et
hiopic, farsi, arabic, pinyin, croatian, bulgarian, ukrainian, russian, slovak,
 czech, danish, dutch, usenglishmax, ukenglish, finnish, french, basque, ngerma
n, german, swissgerman, ngerman-x-2012-05-30, german-x-2012-05-30, monogreek, g
reek, ibycus, ancientgreek, hungarian, bengali, tamil, hindi, telugu, gujarati,
 sanskrit, malayalam, kannada, assamese, marathi, oriya, panjabi, italian, lati
n, latvian, lithuanian, mongolian, mongolianlmc, nynorsk, bokmal, indonesian, e
speranto, coptic, welsh, irish, interlingua, serbian, serbianc, slovenian, friu
lan, romansh, estonian, romanian, armenian, uppersorbian, turkish, afrikaans, i
celandic, kurmanji, polish, portuguese, galician, catalan, spanish, swedish, th
ai, loaded.
(/usr/share/texlive/texmf-dist/tex/latex/base/article.cls
Document Class: article 2007/10/19 v1.4h Standard LaTeX document class
(/usr/share/texlive/texmf-dist/tex/latex/base/size12.clo
File: size12.clo 2007/10/19 v1.4h Standard LaTeX file (size option)
)
\c@part=\count79
\c@section=\count80
\c@subsection=\count81
\c@subsubsection=\count82
\c@paragraph=\count83
\c@subparagraph=\count84
\c@figure=\count85
\c@table=\count86
\abovecaptionskip=\skip41
\belowcaptionskip=\skip42
\bibindent=\dimen102
)
(/usr/share/texlive/texmf-dist/tex/latex/tools/enumerate.sty
Package: enumerate 1999/03/05 v3.00 enumerate extensions (DPC)
\@enLab=\toks14
)
(/usr/share/texlive/texmf-dist/tex/latex/base/fontenc.sty
Package: fontenc 2005/09/27 v1.99g Standard LaTeX package

(/usr/share/texlive/texmf-dist/tex/latex/base/t1enc.def
File: t1enc.def 2005/09/27 v1.99g Standard LaTeX file
LaTeX Font Info:    Redeclaring font encoding T1 on input line 43.
))
(./SolproblemasEstadisticaGestion1.aux)
\openout1 = `SolproblemasEstadisticaGestion1.aux'.

LaTeX Font Info:    Checking defaults for OML/cmm/m/it on input line 29.
LaTeX Font Info:    ... okay on input line 29.
LaTeX Font Info:    Checking defaults for T1/cmr/m/n on input line 29.
LaTeX Font Info:    ... okay on input line 29.
LaTeX Font Info:    Checking defaults for OT1/cmr/m/n on input line 29.
LaTeX Font Info:    ... okay on input line 29.
LaTeX Font Info:    Checking defaults for OMS/cmsy/m/n on input line 29.
LaTeX Font Info:    ... okay on input line 29.
LaTeX Font Info:    Checking defaults for OMX/cmex/m/n on input line 29.
LaTeX Font Info:    ... okay on input line 29.
LaTeX Font Info:    Checking defaults for U/cmr/m/n on input line 29.
LaTeX Font Info:    ... okay on input line 29.
\c@problemes=\count87
LaTeX Font Info:    Try loading font information for T1+cmtt on input line 83.

(/usr/share/texlive/texmf-dist/tex/latex/base/t1cmtt.fd
File: t1cmtt.fd 1999/05/25 v2.5h Standard LaTeX font definitions
)
Overfull \hbox (166.39926pt too wide) in paragraph at lines 116--116
[]\T1/cmtt/m/n/12 barplot(fraquicias2series,col=c("grey","red"),beside=TRUE,nam
es.arg=anyos,space=c(0,0.5),cex.names=0.8,[] 
 []


Overfull \hbox (166.39926pt too wide) in paragraph at lines 116--116
[]\T1/cmtt/m/n/12 barplot(fraquicias2series,col=c("grey","red"),beside=TRUE,nam
es.arg=anyos,space=c(0,0.5),cex.names=0.8,[] 
 []

LaTeX Font Info:    External font `cmex10' loaded for size
(Font)              <12> on input line 122.
LaTeX Font Info:    External font `cmex10' loaded for size
(Font)              <8> on input line 122.
LaTeX Font Info:    External font `cmex10' loaded for size
(Font)              <6> on input line 122.
[1

{/var/lib/texmf/fonts/map/pdftex/updmap/pdftex.map}] [2]
Underfull \hbox (badness 10000) in paragraph at lines 197--197
[]\T1/cmr/m/n/12 Intervalo
 []


Underfull \hbox (badness 10000) in paragraph at lines 197--197
\T1/cmr/m/n/12 de
 []


Underfull \hbox (badness 10000) in paragraph at lines 197--197
\T1/cmr/m/n/12 unidades
 []

[3] [4] [5] [6] [7] [8] [9] [10] [11]
LaTeX Font Info:    External font `cmex10' loaded for size
(Font)              <7> on input line 751.
LaTeX Font Info:    External font `cmex10' loaded for size
(Font)              <5> on input line 751.
 [12] [13]
Overfull \hbox (18.87747pt too wide) in paragraph at lines 842--848
\T1/cmr/m/n/12 mismo año). Cal-cu-lar la prob-a-bil-i-dad para los sigu-ientes 
val-ores de $\OML/cmm/m/it/12 n \OT1/cmr/m/n/12 : 10\OML/cmm/m/it/12 ; \OT1/cmr
/m/n/12 15\OML/cmm/m/it/12 ; \OT1/cmr/m/n/12 22\OML/cmm/m/it/12 ; \OT1/cmr/m/n/
12 23\OML/cmm/m/it/12 ; \OT1/cmr/m/n/12 30\OML/cmm/m/it/12 ; \OT1/cmr/m/n/12 40
\OML/cmm/m/it/12 ; \OT1/cmr/m/n/12 50\OML/cmm/m/it/12 ; \OT1/cmr/m/n/12 55$\T1/
cmr/m/n/12 .
 []

[14] [15]
Overfull \hbox (6.05136pt too wide) in paragraph at lines 966--974
\T1/cmr/bx/n/12 66.- \T1/cmr/m/n/12 Dos sis-temas con cu-a-tro com-po-nentes in
-de-pen-di-entes con fi-a-bil-i-dades re-spec-ti-vas $\OML/cmm/m/it/12 p[]; p[]
; p[]$
 []

[16] [17] [18] [19] [20] [21] [22] [23] [24] [25] [26] [27]
Underfull \hbox (badness 10000) in paragraph at lines 1853--1853
[][]\T1/cmr/m/n/10 Sol.: a) $\OML/cmm/m/it/10 k \OT1/cmr/m/n/10 = []$\T1/cmr/m/
n/10 ; b) $\OML/cmm/m/it/10 f[]\OT1/cmr/m/n/10 (\OML/cmm/m/it/10 x\OT1/cmr/m/n/
10 ) = []$\T1/cmr/m/n/10 ; $\OML/cmm/m/it/10 f[]\OT1/cmr/m/n/10 (\OML/cmm/m/it/
10 y\OT1/cmr/m/n/10 ) =
 []

[28]
Underfull \hbox (badness 1270) in paragraph at lines 1893--1893
\T1/cmr/m/n/10 i-lar; d)$\OML/cmm/m/it/10 E\OT1/cmr/m/n/10 (\OML/cmm/m/it/10 X\
OT1/cmr/m/n/10 ) = \OML/cmm/m/it/10 E\OT1/cmr/m/n/10 (\OML/cmm/m/it/10 Y\OT1/cm
r/m/n/10 ) = []$\T1/cmr/m/n/10 ; e) $\OML/cmm/m/it/10 Cov\OT1/cmr/m/n/10 (\OML/
cmm/m/it/10 X; Y\OT1/cmr/m/n/10 ) = []$\T1/cmr/m/n/10 ; f) $[]$; g) $\OML/cmm/m
/it/10 f[]\OT1/cmr/m/n/10 (\OML/cmm/m/it/10 x\OMS/cmsy/m/n/10 j\OT1/cmr/m/n/10 
50) =
 []

[29] [30]
Overfull \hbox (13.93486pt too wide) in paragraph at lines 2036--2038
[]\T1/cmr/m/n/12 Calcular la es-per-anza y la var-i-anza de $\OML/cmm/m/it/12 W
$ \T1/cmr/m/n/12 si $\OML/cmm/m/it/12 Cov\OT1/cmr/m/n/12 (\OML/cmm/m/it/12 X; Y
\OT1/cmr/m/n/12 ) = 1\OML/cmm/m/it/12 =\OT1/cmr/m/n/12 4\OML/cmm/m/it/12 ; Cov\
OT1/cmr/m/n/12 (\OML/cmm/m/it/12 X; Z\OT1/cmr/m/n/12 ) = 1\OML/cmm/m/it/12 =\OT
1/cmr/m/n/12 4\OML/cmm/m/it/12 ; Cov\OT1/cmr/m/n/12 (\OML/cmm/m/it/12 Y; Z\OT1/
cmr/m/n/12 ) =
 []

[31] [32]
Underfull \hbox (badness 10000) in paragraph at lines 2198--2201
\T1/cmr/m/n/12 cuen-tre la me-dia mues-tral de los pre-cios de venta:
 []


Underfull \hbox (badness 10000) in paragraph at lines 2198--2201

 []

[33] [34] [35] [36] [37] [38] [39]
Overfull \hbox (4.36243pt too wide) in paragraph at lines 2568--2575
\T1/cmr/bx/n/12 159.-  \T1/cmr/m/n/12 Un fab-ri-cante de cronómet-ros quiere ca
l-cu-lar un in-ter-valo de es-ti-mación de la desviación
 []

[40] [41] [42] [43] [44] [45]
Overfull \hbox (205.14671pt too wide) in paragraph at lines 2969--2971
[]$\OT1/cmr/m/n/12 140\OML/cmm/m/it/12 :\OT1/cmr/m/n/12 7\OML/cmm/m/it/12 ; \OT
1/cmr/m/n/12 13\OML/cmm/m/it/12 :\OT1/cmr/m/n/12 7\OML/cmm/m/it/12 ; \OT1/cmr/m
/n/12 67\OML/cmm/m/it/12 :\OT1/cmr/m/n/12 6\OML/cmm/m/it/12 ; \OT1/cmr/m/n/12 7
\OML/cmm/m/it/12 :\OT1/cmr/m/n/12 8\OML/cmm/m/it/12 ; \OT1/cmr/m/n/12 49\OML/cm
m/m/it/12 :\OT1/cmr/m/n/12 3\OML/cmm/m/it/12 ; \OT1/cmr/m/n/12 128\OML/cmm/m/it
/12 :\OT1/cmr/m/n/12 5\OML/cmm/m/it/12 ; \OT1/cmr/m/n/12 59\OML/cmm/m/it/12 :\O
T1/cmr/m/n/12 6\OML/cmm/m/it/12 ; \OT1/cmr/m/n/12 234\OML/cmm/m/it/12 ; \OT1/cm
r/m/n/12 171\OML/cmm/m/it/12 :\OT1/cmr/m/n/12 1\OML/cmm/m/it/12 ; \OT1/cmr/m/n/
12 205\OML/cmm/m/it/12 :\OT1/cmr/m/n/12 8\OML/cmm/m/it/12 ; \OT1/cmr/m/n/12 99\
OML/cmm/m/it/12 :\OT1/cmr/m/n/12 3\OML/cmm/m/it/12 ; \OT1/cmr/m/n/12 199\OML/cm
m/m/it/12 :\OT1/cmr/m/n/12 8\OML/cmm/m/it/12 ; \OT1/cmr/m/n/12 100\OML/cmm/m/it
/12 :\OT1/cmr/m/n/12 8\OML/cmm/m/it/12 ; \OT1/cmr/m/n/12 13\OML/cmm/m/it/12 :\O
T1/cmr/m/n/12 5\OML/cmm/m/it/12 ; \OT1/cmr/m/n/12 12\OML/cmm/m/it/12 ; \OT1/cmr
/m/n/12 33\OML/cmm/m/it/12 :\OT1/cmr/m/n/12 9\OML/cmm/m/it/12 ;$ $\OT1/cmr/m/n/
12 44\OML/cmm/m/it/12 :\OT1/cmr/m/n/12 1\OML/cmm/m/it/12 ; \OT1/cmr/m/n/12 12\O
ML/cmm/m/it/12 :\OT1/cmr/m/n/12 3\OML/cmm/m/it/12 ; \OT1/cmr/m/n/12 56\OML/cmm/
m/it/12 :\OT1/cmr/m/n/12 4\OML/cmm/m/it/12 ; \OT1/cmr/m/n/12 9\OML/cmm/m/it/12 
:\OT1/cmr/m/n/12 4\OML/cmm/m/it/12 ; \OT1/cmr/m/n/12 112\OML/cmm/m/it/12 :\OT1/
cmr/m/n/12 1\OML/cmm/m/it/12 ; \OT1/cmr/m/n/12 8\OML/cmm/m/it/12 :\OT1/cmr/m/n/
12 2\OML/cmm/m/it/12 ; \OT1/cmr/m/n/12 110\OML/cmm/m/it/12 :\OT1/cmr/m/n/12 5\O
ML/cmm/m/it/12 ; \OT1/cmr/m/n/12 79\OML/cmm/m/it/12 ; \OT1/cmr/m/n/12 55\OML/cm
m/m/it/12 :\OT1/cmr/m/n/12 4$ 
 []


Overfull \hbox (4.2971pt too wide) in paragraph at lines 2978--2979
[]\T1/cmr/m/n/12 Contrastar la hipóte-sis de que la dis-tribu-ción sigue una le
y Pois-son, es-ti-mando el parámetro
 []

[46] [47] [48] (./SolproblemasEstadisticaGestion1.aux) ) 
Here is how much of TeX's memory you used:
 512 strings out of 493485
 5470 string characters out of 3143526
 59253 words of memory out of 3000000
 3869 multiletter control sequences out of 15000+200000
 14826 words of font info for 39 fonts, out of 3000000 for 9000
 957 hyphenation exceptions out of 8191
 26i,10n,21p,454b,254s stack positions out of 5000i,500n,10000p,200000b,50000s
{/usr/share/texmf/fonts
/enc/dvips/cm-super/cm-super-t1.enc}</usr/share/texlive/texmf-dist/fonts/type1/
public/amsfonts/cm/cmbx10.pfb></usr/share/texlive/texmf-dist/fonts/type1/public
/amsfonts/cm/cmbx12.pfb></usr/share/texlive/texmf-dist/fonts/type1/public/amsfo
nts/cm/cmbx6.pfb></usr/share/texlive/texmf-dist/fonts/type1/public/amsfonts/cm/
cmbx7.pfb></usr/share/texlive/texmf-dist/fonts/type1/public/amsfonts/cm/cmbx8.p
fb></usr/share/texlive/texmf-dist/fonts/type1/public/amsfonts/cm/cmex10.pfb></u
sr/share/texlive/texmf-dist/fonts/type1/public/amsfonts/cm/cmmi10.pfb></usr/sha
re/texlive/texmf-dist/fonts/type1/public/amsfonts/cm/cmmi12.pfb></usr/share/tex
live/texmf-dist/fonts/type1/public/amsfonts/cm/cmmi7.pfb></usr/share/texlive/te
xmf-dist/fonts/type1/public/amsfonts/cm/cmmi8.pfb></usr/share/texlive/texmf-dis
t/fonts/type1/public/amsfonts/cm/cmr10.pfb></usr/share/texlive/texmf-dist/fonts
/type1/public/amsfonts/cm/cmr12.pfb></usr/share/texlive/texmf-dist/fonts/type1/
public/amsfonts/cm/cmr5.pfb></usr/share/texlive/texmf-dist/fonts/type1/public/a
msfonts/cm/cmr6.pfb></usr/share/texlive/texmf-dist/fonts/type1/public/amsfonts/
cm/cmr7.pfb></usr/share/texlive/texmf-dist/fonts/type1/public/amsfonts/cm/cmr8.
pfb></usr/share/texlive/texmf-dist/fonts/type1/public/amsfonts/cm/cmsy10.pfb></
usr/share/texlive/texmf-dist/fonts/type1/public/amsfonts/cm/cmsy7.pfb></usr/sha
re/texlive/texmf-dist/fonts/type1/public/amsfonts/cm/cmsy8.pfb></usr/share/texm
f/fonts/type1/public/cm-super/sfbx1000.pfb></usr/share/texmf/fonts/type1/public
/cm-super/sfbx1200.pfb></usr/share/texmf/fonts/type1/public/cm-super/sfrm0700.p
fb></usr/share/texmf/fonts/type1/public/cm-super/sfrm0800.pfb></usr/share/texmf
/fonts/type1/public/cm-super/sfrm1000.pfb></usr/share/texmf/fonts/type1/public/
cm-super/sfrm1200.pfb></usr/share/texmf/fonts/type1/public/cm-super/sfti1000.pf
b></usr/share/texmf/fonts/type1/public/cm-super/sfti1200.pfb></usr/share/texmf/
fonts/type1/public/cm-super/sftt1200.pfb>
Output written on SolproblemasEstadisticaGestion1.pdf (48 pages, 514553 bytes).

PDF statistics:
 273 PDF objects out of 1000 (max. 8388607)
 193 compressed objects within 2 object streams
 0 named destinations out of 1000 (max. 500000)
 1 words of extra memory for PDF output out of 10000 (max. 10000000)

