This is pdfTeX, Version 3.1415926-1.40.10 (TeX Live 2009/Debian) (format=pdflatex 2010.10.10)  11 JAN 2011 10:24
entering extended mode
 restricted \write18 enabled.
 %&-line parsing enabled.
**mat2ciencias20100714.tex
(./mat2ciencias20100714.tex
LaTeX2e <2009/09/24>
Babel <v3.8l> and hyphenation patterns for english, usenglishmax, dumylang, noh
yphenation, spanish, galician, catalan, loaded.
(/usr/share/texmf/tex/latex/beamer/base/beamer.cls
(/usr/share/texmf/tex/latex/beamer/base/beamerbasercs.sty
Package: beamerbasercs 2007/01/28 (rcs-revision 1.4)
)
Document Class: beamer 2007/03/11 cvs version 3.07 A class for typesetting pres
entations (rcs-revision 1.70)
(/usr/share/texmf/tex/latex/beamer/base/beamerbasemodes.sty
Package: beamerbasemodes 2007/01/28 (rcs-revision 1.22)
\beamer@tempbox=\box26
\beamer@tempcount=\count79
\c@beamerpauses=\count80

(/usr/share/texmf/tex/latex/beamer/base/beamerbasedecode.sty
Package: beamerbasedecode 2007/01/28 (rcs-revision 1.20)
\beamer@slideinframe=\count81
\beamer@minimum=\count82
)
\beamer@commentbox=\box27
\beamer@modecount=\count83
)
\headheight=\dimen102
\headdp=\dimen103
\footheight=\dimen104
\sidebarheight=\dimen105
\beamer@tempdim=\dimen106
\beamer@finalheight=\dimen107
\beamer@animht=\dimen108
\beamer@animdp=\dimen109
\beamer@animwd=\dimen110
\beamer@leftmargin=\dimen111
\beamer@rightmargin=\dimen112
\beamer@leftsidebar=\dimen113
\beamer@rightsidebar=\dimen114
\beamer@boxsize=\dimen115
\beamer@vboxoffset=\dimen116
\beamer@descdefault=\dimen117
\beamer@descriptionwidth=\dimen118
\beamer@lastskip=\skip41
\beamer@areabox=\box28
\beamer@animcurrent=\box29
\beamer@animshowbox=\box30
\beamer@sectionbox=\box31
\beamer@logobox=\box32
\beamer@linebox=\box33
\beamer@sectioncount=\count84
\beamer@subsubsectionmax=\count85
\beamer@subsectionmax=\count86
\beamer@sectionmax=\count87
\beamer@totalheads=\count88
\beamer@headcounter=\count89
\beamer@partstartpage=\count90
\beamer@sectionstartpage=\count91
\beamer@subsectionstartpage=\count92
\beamer@animationtempa=\count93
\beamer@animationtempb=\count94
\beamer@xpos=\count95
\beamer@ypos=\count96
\beamer@showpartnumber=\count97
\beamer@currentsubsection=\count98
\beamer@coveringdepth=\count99
\beamer@sectionadjust=\count100
\beamer@tocsectionnumber=\count101

(/usr/share/texmf/tex/latex/beamer/base/beamerbaseoptions.sty
Package: beamerbaseoptions 2007/01/28 (rcs-revision 1.8)

(/usr/share/texmf-texlive/tex/latex/graphics/keyval.sty
Package: keyval 1999/03/16 v1.13 key=value parser (DPC)
\KV@toks@=\toks14
))
(/usr/share/texmf/tex/latex/pgf/basiclayer/pgfcore.sty
(/usr/share/texmf-texlive/tex/latex/graphics/graphicx.sty
Package: graphicx 1999/02/16 v1.0f Enhanced LaTeX Graphics (DPC,SPQR)

(/usr/share/texmf-texlive/tex/latex/graphics/graphics.sty
Package: graphics 2009/02/05 v1.0o Standard LaTeX Graphics (DPC,SPQR)

(/usr/share/texmf-texlive/tex/latex/graphics/trig.sty
Package: trig 1999/03/16 v1.09 sin cos tan (DPC)
)
(/etc/texmf/tex/latex/config/graphics.cfg
File: graphics.cfg 2009/08/28 v1.8 graphics configuration of TeX Live
)
Package graphics Info: Driver file: pdftex.def on input line 91.

(/usr/share/texmf-texlive/tex/latex/pdftex-def/pdftex.def
File: pdftex.def 2010/03/12 v0.04p Graphics/color for pdfTeX
\Gread@gobject=\count102
))
\Gin@req@height=\dimen119
\Gin@req@width=\dimen120
)
(/usr/share/texmf/tex/latex/pgf/systemlayer/pgfsys.sty
(/usr/share/texmf/tex/latex/pgf/utilities/pgfrcs.sty
(/usr/share/texmf/tex/generic/pgf/utilities/pgfutil-common.tex
\pgfutil@everybye=\toks15
)
(/usr/share/texmf/tex/generic/pgf/utilities/pgfutil-latex.def)
(/usr/share/texmf/tex/generic/pgf/utilities/pgfrcs.code.tex
Package: pgfrcs 2008/02/20 v2.00 (rcs-revision 1.21)
))
(/usr/share/texmf/tex/generic/pgf/systemlayer/pgfsys.code.tex
Package: pgfsys 2008/02/07 v2.00 (rcs-revision 1.31)

(/usr/share/texmf/tex/generic/pgf/utilities/pgfkeys.code.tex
\pgfkeys@pathtoks=\toks16
\pgfkeys@temptoks=\toks17
)
\pgf@x=\dimen121
\pgf@y=\dimen122
\pgf@xa=\dimen123
\pgf@ya=\dimen124
\pgf@xb=\dimen125
\pgf@yb=\dimen126
\pgf@xc=\dimen127
\pgf@yc=\dimen128
\c@pgf@counta=\count103
\c@pgf@countb=\count104
\c@pgf@countc=\count105
\c@pgf@countd=\count106

(/usr/share/texmf/tex/generic/pgf/systemlayer/pgf.cfg
File: pgf.cfg 2008/01/13  (rcs-revision 1.6)
)
Package pgfsys Info: Driver file for pgf: pgfsys-pdftex.def on input line 885.

(/usr/share/texmf/tex/generic/pgf/systemlayer/pgfsys-pdftex.def
File: pgfsys-pdftex.def 2007/12/20  (rcs-revision 1.20)

(/usr/share/texmf/tex/generic/pgf/systemlayer/pgfsys-common-pdf.def
File: pgfsys-common-pdf.def 2007/12/17  (rcs-revision 1.8)
)))
(/usr/share/texmf/tex/generic/pgf/systemlayer/pgfsyssoftpath.code.tex
File: pgfsyssoftpath.code.tex 2008/01/23  (rcs-revision 1.6)
\pgfsyssoftpath@smallbuffer@items=\count107
\pgfsyssoftpath@bigbuffer@items=\count108
)
(/usr/share/texmf/tex/generic/pgf/systemlayer/pgfsysprotocol.code.tex
File: pgfsysprotocol.code.tex 2006/10/16  (rcs-revision 1.4)
))
(/usr/share/texmf/tex/latex/xcolor/xcolor.sty
Package: xcolor 2007/01/21 v2.11 LaTeX color extensions (UK)

(/etc/texmf/tex/latex/config/color.cfg
File: color.cfg 2007/01/18 v1.5 color configuration of teTeX/TeXLive
)
Package xcolor Info: Driver file: pdftex.def on input line 225.
Package xcolor Info: Model `cmy' substituted by `cmy0' on input line 1337.
Package xcolor Info: Model `hsb' substituted by `rgb' on input line 1341.
Package xcolor Info: Model `RGB' extended on input line 1353.
Package xcolor Info: Model `HTML' substituted by `rgb' on input line 1355.
Package xcolor Info: Model `Hsb' substituted by `hsb' on input line 1356.
Package xcolor Info: Model `tHsb' substituted by `hsb' on input line 1357.
Package xcolor Info: Model `HSB' substituted by `hsb' on input line 1358.
Package xcolor Info: Model `Gray' substituted by `gray' on input line 1359.
Package xcolor Info: Model `wave' substituted by `hsb' on input line 1360.
)
(/usr/share/texmf/tex/generic/pgf/basiclayer/pgfcore.code.tex
Package: pgfcore 2008/01/15 v2.00 (rcs-revision 1.6)

(/usr/share/texmf/tex/generic/pgf/math/pgfmath.code.tex
(/usr/share/texmf/tex/generic/pgf/math/pgfmathcalc.code.tex
(/usr/share/texmf/tex/generic/pgf/math/pgfmathutil.code.tex
\pgfmath@box=\box34
)
(/usr/share/texmf/tex/generic/pgf/math/pgfmathparser.code.tex
\pgfmath@stack=\toks18
\c@pgfmath@parsecounta=\count109
\c@pgfmath@parsecountb=\count110
\c@pgfmath@parsecountc=\count111
\pgfmath@parsex=\dimen129
)
(/usr/share/texmf/tex/generic/pgf/math/pgfmathoperations.code.tex
(/usr/share/texmf/tex/generic/pgf/math/pgfmathtrig.code.tex)
(/usr/share/texmf/tex/generic/pgf/math/pgfmathrnd.code.tex))
(/usr/share/texmf/tex/generic/pgf/math/pgfmathbase.code.tex)))
(/usr/share/texmf/tex/generic/pgf/basiclayer/pgfcorepoints.code.tex
File: pgfcorepoints.code.tex 2008/02/03  (rcs-revision 1.13)
\pgf@picminx=\dimen130
\pgf@picmaxx=\dimen131
\pgf@picminy=\dimen132
\pgf@picmaxy=\dimen133
\pgf@pathminx=\dimen134
\pgf@pathmaxx=\dimen135
\pgf@pathminy=\dimen136
\pgf@pathmaxy=\dimen137
\pgf@xx=\dimen138
\pgf@xy=\dimen139
\pgf@yx=\dimen140
\pgf@yy=\dimen141
\pgf@zx=\dimen142
\pgf@zy=\dimen143
)
(/usr/share/texmf/tex/generic/pgf/basiclayer/pgfcorepathconstruct.code.tex
File: pgfcorepathconstruct.code.tex 2008/02/13  (rcs-revision 1.14)
\pgf@path@lastx=\dimen144
\pgf@path@lasty=\dimen145
)
(/usr/share/texmf/tex/generic/pgf/basiclayer/pgfcorepathusage.code.tex
File: pgfcorepathusage.code.tex 2008/01/23  (rcs-revision 1.11)
\pgf@shorten@end@additional=\dimen146
\pgf@shorten@start@additional=\dimen147
)
(/usr/share/texmf/tex/generic/pgf/basiclayer/pgfcorescopes.code.tex
File: pgfcorescopes.code.tex 2008/01/15  (rcs-revision 1.26)
\pgfpic=\box35
\pgf@hbox=\box36
\pgf@layerbox@main=\box37
\pgf@picture@serial@count=\count112
)
(/usr/share/texmf/tex/generic/pgf/basiclayer/pgfcoregraphicstate.code.tex
File: pgfcoregraphicstate.code.tex 2007/12/12  (rcs-revision 1.8)
\pgflinewidth=\dimen148
)
(/usr/share/texmf/tex/generic/pgf/basiclayer/pgfcoretransformations.code.tex
File: pgfcoretransformations.code.tex 2008/02/04  (rcs-revision 1.10)
\pgf@pt@x=\dimen149
\pgf@pt@y=\dimen150
\pgf@pt@temp=\dimen151
)
(/usr/share/texmf/tex/generic/pgf/basiclayer/pgfcorequick.code.tex
File: pgfcorequick.code.tex 2006/10/11  (rcs-revision 1.2)
)
(/usr/share/texmf/tex/generic/pgf/basiclayer/pgfcoreobjects.code.tex
File: pgfcoreobjects.code.tex 2006/10/11  (rcs-revision 1.2)
)
(/usr/share/texmf/tex/generic/pgf/basiclayer/pgfcorepathprocessing.code.tex
File: pgfcorepathprocessing.code.tex 2008/01/23  (rcs-revision 1.7)
)
(/usr/share/texmf/tex/generic/pgf/basiclayer/pgfcorearrows.code.tex
File: pgfcorearrows.code.tex 2007/06/07  (rcs-revision 1.8)
)
(/usr/share/texmf/tex/generic/pgf/basiclayer/pgfcoreshade.code.tex
File: pgfcoreshade.code.tex 2007/12/10  (rcs-revision 1.9)
\pgf@max=\dimen152
\pgf@sys@shading@range@num=\count113
)
(/usr/share/texmf/tex/generic/pgf/basiclayer/pgfcoreimage.code.tex
File: pgfcoreimage.code.tex 2008/01/15  (rcs-revision 1.1)
\pgfexternal@startupbox=\box38
)
(/usr/share/texmf/tex/generic/pgf/basiclayer/pgfcorelayers.code.tex
File: pgfcorelayers.code.tex 2008/01/15  (rcs-revision 1.1)
)
(/usr/share/texmf/tex/generic/pgf/basiclayer/pgfcoretransparency.code.tex
File: pgfcoretransparency.code.tex 2008/01/17  (rcs-revision 1.2)
)
(/usr/share/texmf/tex/generic/pgf/basiclayer/pgfcorepatterns.code.tex
File: pgfcorepatterns.code.tex 2008/01/15  (rcs-revision 1.1)
)))
(/usr/share/texmf/tex/latex/pgf/basiclayer/pgfbaseimage.sty

Package pgf Warning: This package is obsolete and no longer needed on input lin
e 13.

) (/usr/share/texmf/tex/latex/pgf/utilities/xxcolor.sty
Package: xxcolor 2003/10/24 ver 0.1
\XC@nummixins=\count114
\XC@countmixins=\count115
)
(/usr/share/texmf-texlive/tex/latex/amsfonts/amssymb.sty
Package: amssymb 2009/06/22 v3.00

(/usr/share/texmf-texlive/tex/latex/amsfonts/amsfonts.sty
Package: amsfonts 2009/06/22 v3.00 Basic AMSFonts support
\@emptytoks=\toks19
\symAMSa=\mathgroup4
\symAMSb=\mathgroup5
LaTeX Font Info:    Overwriting math alphabet `\mathfrak' in version `bold'
(Font)                  U/euf/m/n --> U/euf/b/n on input line 96.
))
(/usr/share/texmf-texlive/tex/latex/geometry/geometry.sty
Package: geometry 2008/12/21 v4.2 Page Geometry

(/usr/share/texmf-texlive/tex/generic/oberdiek/ifpdf.sty
Package: ifpdf 2009/04/10 v2.0 Provides the ifpdf switch (HO)
Package ifpdf Info: pdfTeX in pdf mode detected.
)
(/usr/share/texmf-texlive/tex/generic/oberdiek/ifvtex.sty
Package: ifvtex 2008/11/04 v1.4 Switches for detecting VTeX and its modes (HO)
Package ifvtex Info: VTeX not detected.
)
\Gm@cnth=\count116
\Gm@cntv=\count117
\c@Gm@tempcnt=\count118
\Gm@bindingoffset=\dimen153
\Gm@wd@mp=\dimen154
\Gm@odd@mp=\dimen155
\Gm@even@mp=\dimen156
\Gm@dimlist=\toks20

(/usr/share/texmf-texlive/tex/xelatex/xetexconfig/geometry.cfg))
(/usr/share/texmf-texlive/tex/latex/hyperref/hyperref.sty
Package: hyperref 2009/10/09 v6.79a Hypertext links for LaTeX

(/usr/share/texmf-texlive/tex/generic/ifxetex/ifxetex.sty
Package: ifxetex 2009/01/23 v0.5 Provides ifxetex conditional
)
(/usr/share/texmf-texlive/tex/latex/oberdiek/hycolor.sty
Package: hycolor 2009/10/02 v1.5 Code for color options of hyperref/bookmark (H
O)

(/usr/share/texmf-texlive/tex/latex/oberdiek/xcolor-patch.sty
Package: xcolor-patch 2009/10/02 xcolor patch
))
\@linkdim=\dimen157
\Hy@linkcounter=\count119
\Hy@pagecounter=\count120

(/usr/share/texmf-texlive/tex/latex/hyperref/pd1enc.def
File: pd1enc.def 2009/10/09 v6.79a Hyperref: PDFDocEncoding definition (HO)
)
(/usr/share/texmf-texlive/tex/generic/oberdiek/etexcmds.sty
Package: etexcmds 2007/12/12 v1.2 Prefix for e-TeX command names (HO)

(/usr/share/texmf-texlive/tex/generic/oberdiek/infwarerr.sty
Package: infwarerr 2007/09/09 v1.2 Providing info/warning/message (HO)
)
Package etexcmds Info: Could not find \expanded.
(etexcmds)             That can mean that you are not using pdfTeX 1.50 or
(etexcmds)             that some package has redefined \expanded.
(etexcmds)             In the latter case, load this package earlier.
)
(/etc/texmf/tex/latex/config/hyperref.cfg
File: hyperref.cfg 2002/06/06 v1.2 hyperref configuration of TeXLive
)
(/usr/share/texmf-texlive/tex/latex/oberdiek/kvoptions.sty
Package: kvoptions 2009/08/13 v3.4 Keyval support for LaTeX options (HO)

(/usr/share/texmf-texlive/tex/generic/oberdiek/kvsetkeys.sty
Package: kvsetkeys 2009/07/30 v1.5 Key value parser with default handler suppor
t (HO)
))
Package hyperref Info: Option `bookmarks' set `true' on input line 2864.
Package hyperref Info: Option `bookmarksopen' set `true' on input line 2864.
Package hyperref Info: Option `implicit' set `false' on input line 2864.
Package hyperref Info: Hyper figures OFF on input line 2975.
Package hyperref Info: Link nesting OFF on input line 2980.
Package hyperref Info: Hyper index ON on input line 2983.
Package hyperref Info: Plain pages OFF on input line 2990.
Package hyperref Info: Backreferencing OFF on input line 2995.

Implicit mode OFF; no redefinition of LaTeX internals
Package hyperref Info: Bookmarks ON on input line 3191.
(/usr/share/texmf-texlive/tex/latex/ltxmisc/url.sty
\Urlmuskip=\muskip10
Package: url 2006/04/12  ver 3.3  Verb mode for urls, etc.
)
LaTeX Info: Redefining \url on input line 3428.

(/usr/share/texmf-texlive/tex/generic/oberdiek/bitset.sty
Package: bitset 2007/09/28 v1.0 Data type bit set (HO)

(/usr/share/texmf-texlive/tex/generic/oberdiek/intcalc.sty
Package: intcalc 2007/09/27 v1.1 Expandable integer calculations (HO)
)
(/usr/share/texmf-texlive/tex/generic/oberdiek/bigintcalc.sty
Package: bigintcalc 2007/11/11 v1.1 Expandable big integer calculations (HO)

(/usr/share/texmf-texlive/tex/generic/oberdiek/pdftexcmds.sty
Package: pdftexcmds 2009/09/23 v0.6 LuaTeX support for pdfTeX utility functions
 (HO)

(/usr/share/texmf-texlive/tex/generic/oberdiek/ifluatex.sty
Package: ifluatex 2009/04/17 v1.2 Provides the ifluatex switch (HO)
Package ifluatex Info: LuaTeX not detected.
)
(/usr/share/texmf-texlive/tex/generic/oberdiek/ltxcmds.sty
Package: ltxcmds 2009/08/05 v1.0 Some LaTeX kernel commands for general use (HO
)
)
Package pdftexcmds Info: LuaTeX not detected.
Package pdftexcmds Info: \pdf@primitive is available.
Package pdftexcmds Info: \pdf@ifprimitive is available.
)))
\Fld@menulength=\count121
\Field@Width=\dimen158
\Fld@charsize=\dimen159
\Field@toks=\toks21
Package hyperref Info: Hyper figures OFF on input line 4377.
Package hyperref Info: Link nesting OFF on input line 4382.
Package hyperref Info: Hyper index ON on input line 4385.
Package hyperref Info: backreferencing OFF on input line 4392.
Package hyperref Info: Link coloring OFF on input line 4397.
Package hyperref Info: Link coloring with OCG OFF on input line 4402.
Package hyperref Info: PDF/A mode OFF on input line 4407.

(/usr/share/texmf-texlive/tex/generic/oberdiek/atbegshi.sty
Package: atbegshi 2008/07/31 v1.9 At begin shipout hook (HO)
)

Package hyperref Warning: Option `pdfpagelabels' is turned off
(hyperref)                because \thepage is undefined.

Hyperref stopped early
)
*hyperref using default driver hpdftex*
(/usr/share/texmf-texlive/tex/latex/hyperref/hpdftex.def
File: hpdftex.def 2009/10/09 v6.79a Hyperref driver for pdfTeX
\Fld@listcount=\count122
)
(/usr/share/texmf-texlive/tex/latex/base/size11.clo
File: size11.clo 2007/10/19 v1.4h Standard LaTeX file (size option)
)
(/usr/share/texmf/tex/latex/beamer/base/beamerbasecompatibility.sty
Package: beamerbasecompatibility 2007/01/28  (rcs-revision 1.63)
)
(/usr/share/texmf/tex/latex/beamer/base/beamerbasefont.sty
Package: beamerbasefont 2007/01/28  (rcs-revision 1.16)
)
(/usr/share/texmf/tex/latex/beamer/base/beamerbasemisc.sty
Package: beamerbasemisc 2007/01/28  (rcs-revision 1.24)
)
(/usr/share/texmf/tex/latex/beamer/base/beamerbasetwoscreens.sty
Package: beamerbasetwoscreens 2007/01/28  (rcs-revision 1.7)
)
(/usr/share/texmf/tex/latex/beamer/base/beamerbaseoverlay.sty
Package: beamerbaseoverlay 2007/01/28  (rcs-revision 1.50)
\beamer@argscount=\count123
\beamer@lastskipcover=\skip42
\beamer@trivlistdepth=\count124
)
(/usr/share/texmf/tex/latex/beamer/base/beamerbasetitle.sty
Package: beamerbasetitle 2007/01/28  (rcs-revision 1.25)
)
(/usr/share/texmf/tex/latex/beamer/base/beamerbasesection.sty
Package: beamerbasesection 2007/01/28  (rcs-revision 1.21)
\c@lecture=\count125
\c@part=\count126
\c@section=\count127
\c@subsection=\count128
\c@subsubsection=\count129
)
(/usr/share/texmf/tex/latex/beamer/base/beamerbaseframe.sty
Package: beamerbaseframe 2007/01/28  (rcs-revision 1.60)
\beamer@framebox=\box39
\beamer@frametitlebox=\box40
\beamer@zoombox=\box41
\beamer@zoomcount=\count130
\beamer@zoomframecount=\count131
\beamer@frametextheight=\dimen160
\c@subsectionslide=\count132
\beamer@frametopskip=\skip43
\beamer@framebottomskip=\skip44
\beamer@frametopskipautobreak=\skip45
\beamer@framebottomskipautobreak=\skip46
\beamer@envbody=\toks22
\c@framenumber=\count133
)
(/usr/share/texmf/tex/latex/beamer/base/beamerbaseverbatim.sty
Package: beamerbaseverbatim 2007/01/28  (rcs-revision 1.8)
\beamer@verbatimfileout=\write3
)
(/usr/share/texmf/tex/latex/beamer/base/beamerbaseframesize.sty
Package: beamerbaseframesize 2007/01/28  (rcs-revision 1.18)
\beamer@splitbox=\box42
\beamer@autobreakcount=\count134
\beamer@autobreaklastheight=\dimen161
\beamer@frametitletoks=\toks23
\beamer@framesubtitletoks=\toks24
)
(/usr/share/texmf/tex/latex/beamer/base/beamerbaseframecomponents.sty
Package: beamerbaseframecomponents 2007/01/28  (rcs-revision 1.41)
\beamer@footins=\box43
)
(/usr/share/texmf/tex/latex/beamer/base/beamerbasecolor.sty
Package: beamerbasecolor 2007/01/28  (rcs-revision 1.42)
)
(/usr/share/texmf/tex/latex/beamer/base/beamerbasenotes.sty
Package: beamerbasenotes 2007/01/28  (rcs-revision 1.23)
\beamer@frameboxcopy=\box44
)
(/usr/share/texmf/tex/latex/beamer/base/beamerbasetoc.sty
Package: beamerbasetoc 2007/01/28  (rcs-revision 1.21)
)
(/usr/share/texmf/tex/latex/beamer/base/beamerbasetemplates.sty
Package: beamerbasetemplates 2007/01/28  (rcs-revision 1.51)
\beamer@sbttoks=\toks25

(/usr/share/texmf/tex/latex/beamer/base/beamerbaseauxtemplates.sty
Package: beamerbaseauxtemplates 2007/01/28  (rcs-revision 1.28)

(/usr/share/texmf/tex/latex/beamer/base/beamerbaseboxes.sty
Package: beamerbaseboxes 2007/03/11  (rcs-revision 1.32)
\bmb@box=\box45
\bmb@colorbox=\box46
\bmb@boxshadow=\box47
\bmb@boxshadowball=\box48
\bmb@boxshadowballlarge=\box49
\bmb@temp=\dimen162
\bmb@dima=\dimen163
\bmb@dimb=\dimen164
\bmb@prevheight=\dimen165
)
\beamer@blockheadheight=\dimen166
))
(/usr/share/texmf/tex/latex/beamer/base/beamerbaselocalstructure.sty
Package: beamerbaselocalstructure 2007/01/28  (rcs-revision 1.53)

(/usr/share/texmf-texlive/tex/latex/tools/enumerate.sty
Package: enumerate 1999/03/05 v3.00 enumerate extensions (DPC)
\@enLab=\toks26
)
\c@figure=\count135
\c@table=\count136
\abovecaptionskip=\skip47
\belowcaptionskip=\skip48
)
(/usr/share/texmf/tex/latex/beamer/base/beamerbasenavigation.sty
Package: beamerbasenavigation 2007/01/28  (rcs-revision 1.36)
)
(/usr/share/texmf/tex/latex/beamer/base/beamerbasetheorems.sty
Package: beamerbasetheorems 2007/01/28  (rcs-revision 1.10)

(/usr/share/texmf-texlive/tex/latex/translator/translator.sty
Package: translator 2007/03/11 ver 1.00

(/usr/share/texmf-texlive/tex/latex/translator/translator-language-mappings.tex
)) (/usr/share/texmf-texlive/tex/latex/amsmath/amsmath.sty
Package: amsmath 2000/07/18 v2.13 AMS math features
\@mathmargin=\skip49

For additional information on amsmath, use the `?' option.
(/usr/share/texmf-texlive/tex/latex/amsmath/amstext.sty
Package: amstext 2000/06/29 v2.01

(/usr/share/texmf-texlive/tex/latex/amsmath/amsgen.sty
File: amsgen.sty 1999/11/30 v2.0
\@emptytoks=\toks27
\ex@=\dimen167
))
(/usr/share/texmf-texlive/tex/latex/amsmath/amsbsy.sty
Package: amsbsy 1999/11/29 v1.2d
\pmbraise@=\dimen168
)
(/usr/share/texmf-texlive/tex/latex/amsmath/amsopn.sty
Package: amsopn 1999/12/14 v2.01 operator names
)
\inf@bad=\count137
LaTeX Info: Redefining \frac on input line 211.
\uproot@=\count138
\leftroot@=\count139
LaTeX Info: Redefining \overline on input line 307.
\classnum@=\count140
\DOTSCASE@=\count141
LaTeX Info: Redefining \ldots on input line 379.
LaTeX Info: Redefining \dots on input line 382.
LaTeX Info: Redefining \cdots on input line 467.
\Mathstrutbox@=\box50
\strutbox@=\box51
\big@size=\dimen169
LaTeX Font Info:    Redeclaring font encoding OML on input line 567.
LaTeX Font Info:    Redeclaring font encoding OMS on input line 568.
\macc@depth=\count142
\c@MaxMatrixCols=\count143
\dotsspace@=\muskip11
\c@parentequation=\count144
\dspbrk@lvl=\count145
\tag@help=\toks28
\row@=\count146
\column@=\count147
\maxfields@=\count148
\andhelp@=\toks29
\eqnshift@=\dimen170
\alignsep@=\dimen171
\tagshift@=\dimen172
\tagwidth@=\dimen173
\totwidth@=\dimen174
\lineht@=\dimen175
\@envbody=\toks30
\multlinegap=\skip50
\multlinetaggap=\skip51
\mathdisplay@stack=\toks31
LaTeX Info: Redefining \[ on input line 2666.
LaTeX Info: Redefining \] on input line 2667.
)
(/usr/share/texmf-texlive/tex/latex/amscls/amsthm.sty
Package: amsthm 2004/08/06 v2.20
\thm@style=\toks32
\thm@bodyfont=\toks33
\thm@headfont=\toks34
\thm@notefont=\toks35
\thm@headpunct=\toks36
\thm@preskip=\skip52
\thm@postskip=\skip53
\thm@headsep=\skip54
\dth@everypar=\toks37
)
\c@theorem=\count149
)
(/usr/share/texmf/tex/latex/beamer/base/beamerbasethemes.sty
Package: beamerbasethemes 2007/01/28  (rcs-revision 1.10)
)
(/usr/share/texmf/tex/latex/beamer/themes/theme/beamerthemedefault.sty
Package: beamerthemedefault 2007/01/28  (rcs-revision 1.7)

(/usr/share/texmf/tex/latex/beamer/themes/font/beamerfontthemedefault.sty
Package: beamerfontthemedefault 2007/01/28  (rcs-revision 1.13)
)
(/usr/share/texmf/tex/latex/beamer/themes/color/beamercolorthemedefault.sty
Package: beamercolorthemedefault 2007/01/28  (rcs-revision 1.28)
)
(/usr/share/texmf/tex/latex/beamer/themes/inner/beamerinnerthemedefault.sty
Package: beamerinnerthemedefault 2007/01/28  (rcs-revision 1.20)
\beamer@dima=\dimen176
\beamer@dimb=\dimen177
)
(/usr/share/texmf/tex/latex/beamer/themes/outer/beamerouterthemedefault.sty
Package: beamerouterthemedefault 2007/01/28  (rcs-revision 1.14)
)))
(/usr/share/texmf/tex/latex/beamer/themes/theme/beamerthemeBoadilla.sty
Package: beamerthemeBoadilla 2007/01/28  (rcs-revision 1.2)

(/usr/share/texmf/tex/latex/beamer/themes/color/beamercolorthemerose.sty
Package: beamercolorthemerose 2007/01/28  (rcs-revision 1.3)
)
(/usr/share/texmf/tex/latex/beamer/themes/inner/beamerinnerthemerounded.sty
Package: beamerinnerthemerounded 2007/01/28  (rcs-revision 1.5)
)
(/usr/share/texmf/tex/latex/beamer/themes/color/beamercolorthemedolphin.sty
Package: beamercolorthemedolphin 2007/01/28  (rcs-revision 1.2)
)
(/usr/share/texmf/tex/latex/beamer/themes/outer/beamerouterthemeinfolines.sty
Package: beamerouterthemeinfolines 2007/01/28  (rcs-revision 1.9)
)) (/usr/share/texmf-texlive/tex/latex/base/latexsym.sty
Package: latexsym 1998/08/17 v2.2e Standard LaTeX package (lasy symbols)
\symlasy=\mathgroup6
LaTeX Font Info:    Overwriting symbol font `lasy' in version `bold'
(Font)                  U/lasy/m/n --> U/lasy/b/n on input line 47.
)
(/usr/share/texmf-texlive/tex/latex/base/inputenc.sty
Package: inputenc 2008/03/30 v1.1d Input encoding file
\inpenc@prehook=\toks38
\inpenc@posthook=\toks39

(/usr/share/texmf-texlive/tex/latex/base/utf8.def
File: utf8.def 2008/04/05 v1.1m UTF-8 support for inputenc
Now handling font encoding OML ...
... no UTF-8 mapping file for font encoding OML
Now handling font encoding T1 ...
... processing UTF-8 mapping file for font encoding T1

(/usr/share/texmf-texlive/tex/latex/base/t1enc.dfu
File: t1enc.dfu 2008/04/05 v1.1m UTF-8 support for inputenc
   defining Unicode char U+00A1 (decimal 161)
   defining Unicode char U+00A3 (decimal 163)
   defining Unicode char U+00AB (decimal 171)
   defining Unicode char U+00BB (decimal 187)
   defining Unicode char U+00BF (decimal 191)
   defining Unicode char U+00C0 (decimal 192)
   defining Unicode char U+00C1 (decimal 193)
   defining Unicode char U+00C2 (decimal 194)
   defining Unicode char U+00C3 (decimal 195)
   defining Unicode char U+00C4 (decimal 196)
   defining Unicode char U+00C5 (decimal 197)
   defining Unicode char U+00C6 (decimal 198)
   defining Unicode char U+00C7 (decimal 199)
   defining Unicode char U+00C8 (decimal 200)
   defining Unicode char U+00C9 (decimal 201)
   defining Unicode char U+00CA (decimal 202)
   defining Unicode char U+00CB (decimal 203)
   defining Unicode char U+00CC (decimal 204)
   defining Unicode char U+00CD (decimal 205)
   defining Unicode char U+00CE (decimal 206)
   defining Unicode char U+00CF (decimal 207)
   defining Unicode char U+00D0 (decimal 208)
   defining Unicode char U+00D1 (decimal 209)
   defining Unicode char U+00D2 (decimal 210)
   defining Unicode char U+00D3 (decimal 211)
   defining Unicode char U+00D4 (decimal 212)
   defining Unicode char U+00D5 (decimal 213)
   defining Unicode char U+00D6 (decimal 214)
   defining Unicode char U+00D8 (decimal 216)
   defining Unicode char U+00D9 (decimal 217)
   defining Unicode char U+00DA (decimal 218)
   defining Unicode char U+00DB (decimal 219)
   defining Unicode char U+00DC (decimal 220)
   defining Unicode char U+00DD (decimal 221)
   defining Unicode char U+00DE (decimal 222)
   defining Unicode char U+00DF (decimal 223)
   defining Unicode char U+00E0 (decimal 224)
   defining Unicode char U+00E1 (decimal 225)
   defining Unicode char U+00E2 (decimal 226)
   defining Unicode char U+00E3 (decimal 227)
   defining Unicode char U+00E4 (decimal 228)
   defining Unicode char U+00E5 (decimal 229)
   defining Unicode char U+00E6 (decimal 230)
   defining Unicode char U+00E7 (decimal 231)
   defining Unicode char U+00E8 (decimal 232)
   defining Unicode char U+00E9 (decimal 233)
   defining Unicode char U+00EA (decimal 234)
   defining Unicode char U+00EB (decimal 235)
   defining Unicode char U+00EC (decimal 236)
   defining Unicode char U+00ED (decimal 237)
   defining Unicode char U+00EE (decimal 238)
   defining Unicode char U+00EF (decimal 239)
   defining Unicode char U+00F0 (decimal 240)
   defining Unicode char U+00F1 (decimal 241)
   defining Unicode char U+00F2 (decimal 242)
   defining Unicode char U+00F3 (decimal 243)
   defining Unicode char U+00F4 (decimal 244)
   defining Unicode char U+00F5 (decimal 245)
   defining Unicode char U+00F6 (decimal 246)
   defining Unicode char U+00F8 (decimal 248)
   defining Unicode char U+00F9 (decimal 249)
   defining Unicode char U+00FA (decimal 250)
   defining Unicode char U+00FB (decimal 251)
   defining Unicode char U+00FC (decimal 252)
   defining Unicode char U+00FD (decimal 253)
   defining Unicode char U+00FE (decimal 254)
   defining Unicode char U+00FF (decimal 255)
   defining Unicode char U+0102 (decimal 258)
   defining Unicode char U+0103 (decimal 259)
   defining Unicode char U+0104 (decimal 260)
   defining Unicode char U+0105 (decimal 261)
   defining Unicode char U+0106 (decimal 262)
   defining Unicode char U+0107 (decimal 263)
   defining Unicode char U+010C (decimal 268)
   defining Unicode char U+010D (decimal 269)
   defining Unicode char U+010E (decimal 270)
   defining Unicode char U+010F (decimal 271)
   defining Unicode char U+0110 (decimal 272)
   defining Unicode char U+0111 (decimal 273)
   defining Unicode char U+0118 (decimal 280)
   defining Unicode char U+0119 (decimal 281)
   defining Unicode char U+011A (decimal 282)
   defining Unicode char U+011B (decimal 283)
   defining Unicode char U+011E (decimal 286)
   defining Unicode char U+011F (decimal 287)
   defining Unicode char U+0130 (decimal 304)
   defining Unicode char U+0131 (decimal 305)
   defining Unicode char U+0132 (decimal 306)
   defining Unicode char U+0133 (decimal 307)
   defining Unicode char U+0139 (decimal 313)
   defining Unicode char U+013A (decimal 314)
   defining Unicode char U+013D (decimal 317)
   defining Unicode char U+013E (decimal 318)
   defining Unicode char U+0141 (decimal 321)
   defining Unicode char U+0142 (decimal 322)
   defining Unicode char U+0143 (decimal 323)
   defining Unicode char U+0144 (decimal 324)
   defining Unicode char U+0147 (decimal 327)
   defining Unicode char U+0148 (decimal 328)
   defining Unicode char U+014A (decimal 330)
   defining Unicode char U+014B (decimal 331)
   defining Unicode char U+0150 (decimal 336)
   defining Unicode char U+0151 (decimal 337)
   defining Unicode char U+0152 (decimal 338)
   defining Unicode char U+0153 (decimal 339)
   defining Unicode char U+0154 (decimal 340)
   defining Unicode char U+0155 (decimal 341)
   defining Unicode char U+0158 (decimal 344)
   defining Unicode char U+0159 (decimal 345)
   defining Unicode char U+015A (decimal 346)
   defining Unicode char U+015B (decimal 347)
   defining Unicode char U+015E (decimal 350)
   defining Unicode char U+015F (decimal 351)
   defining Unicode char U+0160 (decimal 352)
   defining Unicode char U+0161 (decimal 353)
   defining Unicode char U+0162 (decimal 354)
   defining Unicode char U+0163 (decimal 355)
   defining Unicode char U+0164 (decimal 356)
   defining Unicode char U+0165 (decimal 357)
   defining Unicode char U+016E (decimal 366)
   defining Unicode char U+016F (decimal 367)
   defining Unicode char U+0170 (decimal 368)
   defining Unicode char U+0171 (decimal 369)
   defining Unicode char U+0178 (decimal 376)
   defining Unicode char U+0179 (decimal 377)
   defining Unicode char U+017A (decimal 378)
   defining Unicode char U+017B (decimal 379)
   defining Unicode char U+017C (decimal 380)
   defining Unicode char U+017D (decimal 381)
   defining Unicode char U+017E (decimal 382)
   defining Unicode char U+200C (decimal 8204)
   defining Unicode char U+2013 (decimal 8211)
   defining Unicode char U+2014 (decimal 8212)
   defining Unicode char U+2018 (decimal 8216)
   defining Unicode char U+2019 (decimal 8217)
   defining Unicode char U+201A (decimal 8218)
   defining Unicode char U+201C (decimal 8220)
   defining Unicode char U+201D (decimal 8221)
   defining Unicode char U+201E (decimal 8222)
   defining Unicode char U+2030 (decimal 8240)
   defining Unicode char U+2031 (decimal 8241)
   defining Unicode char U+2039 (decimal 8249)
   defining Unicode char U+203A (decimal 8250)
   defining Unicode char U+2423 (decimal 9251)
)
Now handling font encoding OT1 ...
... processing UTF-8 mapping file for font encoding OT1

(/usr/share/texmf-texlive/tex/latex/base/ot1enc.dfu
File: ot1enc.dfu 2008/04/05 v1.1m UTF-8 support for inputenc
   defining Unicode char U+00A1 (decimal 161)
   defining Unicode char U+00A3 (decimal 163)
   defining Unicode char U+00B8 (decimal 184)
   defining Unicode char U+00BF (decimal 191)
   defining Unicode char U+00C5 (decimal 197)
   defining Unicode char U+00C6 (decimal 198)
   defining Unicode char U+00D8 (decimal 216)
   defining Unicode char U+00DF (decimal 223)
   defining Unicode char U+00E6 (decimal 230)
   defining Unicode char U+00EC (decimal 236)
   defining Unicode char U+00ED (decimal 237)
   defining Unicode char U+00EE (decimal 238)
   defining Unicode char U+00EF (decimal 239)
   defining Unicode char U+00F8 (decimal 248)
   defining Unicode char U+0131 (decimal 305)
   defining Unicode char U+0141 (decimal 321)
   defining Unicode char U+0142 (decimal 322)
   defining Unicode char U+0152 (decimal 338)
   defining Unicode char U+0153 (decimal 339)
   defining Unicode char U+2013 (decimal 8211)
   defining Unicode char U+2014 (decimal 8212)
   defining Unicode char U+2018 (decimal 8216)
   defining Unicode char U+2019 (decimal 8217)
   defining Unicode char U+201C (decimal 8220)
   defining Unicode char U+201D (decimal 8221)
)
Now handling font encoding OMS ...
... processing UTF-8 mapping file for font encoding OMS

(/usr/share/texmf-texlive/tex/latex/base/omsenc.dfu
File: omsenc.dfu 2008/04/05 v1.1m UTF-8 support for inputenc
   defining Unicode char U+00A7 (decimal 167)
   defining Unicode char U+00B6 (decimal 182)
   defining Unicode char U+00B7 (decimal 183)
   defining Unicode char U+2020 (decimal 8224)
   defining Unicode char U+2021 (decimal 8225)
   defining Unicode char U+2022 (decimal 8226)
)
Now handling font encoding OMX ...
... no UTF-8 mapping file for font encoding OMX
Now handling font encoding U ...
... no UTF-8 mapping file for font encoding U
Now handling font encoding PD1 ...
... no UTF-8 mapping file for font encoding PD1
   defining Unicode char U+00A9 (decimal 169)
   defining Unicode char U+00AA (decimal 170)
   defining Unicode char U+00AE (decimal 174)
   defining Unicode char U+00BA (decimal 186)
   defining Unicode char U+02C6 (decimal 710)
   defining Unicode char U+02DC (decimal 732)
   defining Unicode char U+200C (decimal 8204)
   defining Unicode char U+2026 (decimal 8230)
   defining Unicode char U+2122 (decimal 8482)
   defining Unicode char U+2423 (decimal 9251)
))
(/usr/share/texmf-texlive/tex/generic/babel/babel.sty
Package: babel 2008/07/06 v3.8l The Babel package

(/usr/share/texmf-texlive/tex/generic/babel/spanish.ldf
Language: spanish.ldf 2009/01/02 v5.0h Spanish support from the babel system

(/usr/share/texmf-texlive/tex/generic/babel/babel.def
File: babel.def 2008/07/06 v3.8l Babel common definitions
LaTeX Info: Redefining \textlatin on input line 82.
\babel@savecnt=\count150
\U@D=\dimen178
)
\es@datefmt=\count151
\es@quottoks=\toks40
\es@quotdepth=\count152
Package babel Info: Making " an active character on input line 492.
Package babel Info: Making . an active character on input line 585.
Package babel Info: Making < an active character on input line 630.
Package babel Info: Making > an active character on input line 630.
))
(/usr/share/texmf-texlive/tex/latex/animate/animate.sty
Package: animate 2009/10/08 PDF animations from files and inline graphics

(/usr/share/texmf-texlive/tex/latex/base/ifthen.sty
Package: ifthen 2001/05/26 v1.1c Standard LaTeX ifthen package (DPC)
)
(/usr/share/texmf-texlive/tex/latex/oberdiek/ifdraft.sty
Package: ifdraft 2008/08/11 v1.3 Switch for option draft (HO)
)
(/usr/share/texmf-texlive/tex/latex/tools/calc.sty
Package: calc 2007/08/22 v4.3 Infix arithmetic (KKT,FJ)
\calc@Acount=\count153
\calc@Bcount=\count154
\calc@Adimen=\dimen179
\calc@Bdimen=\dimen180
\calc@Askip=\skip55
\calc@Bskip=\skip56
LaTeX Info: Redefining \setlength on input line 76.
LaTeX Info: Redefining \addtolength on input line 77.
\calc@Ccount=\count155
\calc@Cskip=\skip57
)
(/usr/share/texmf-texlive/tex/latex/animate/animfp.sty
Package: animfp 2009/07/23 fixed point addition for animate.sty
\afp@xs=\count156
\afp@xia=\count157
\afp@xib=\count158
\afp@xfa=\count159
\afp@xfb=\count160
\afp@rega=\count161
\afp@regb=\count162
\afp@regs=\count163
)
(/usr/share/texmf/tex/context/base/supp-pdf.tex
(/usr/share/texmf/tex/context/base/supp-pdf.mkii
[Loading MPS to PDF converter (version 2006.09.02).]
\scratchcounter=\count164
\scratchdimen=\dimen181
\scratchbox=\box52
\nofMPsegments=\count165
\nofMParguments=\count166
\everyMPshowfont=\toks41
\MPscratchCnt=\count167
\MPscratchDim=\dimen182
\MPnumerator=\count168
\everyMPtoPDFconversion=\toks42
))
\@anim@@fields=\count169
\@anim@@ocgs=\count170
\@anim@@posterocgs=\count171
\@anim@box=\box53
\@anim@tmpdima=\dimen183
\@anim@tmpdimb=\dimen184
\@anim@num=\count172
\@anim@curframe=\count173
\@anim@curframe@zb=\count174
\@anim@resize=\count175
\@anim@skipfram=\count176
\@anim@mulframecnt=\count177
\@anim@@tmlnfile=\read1
\@anim@tmpcnt=\count178
\@anim@curlayer=\count179
\@anim@lineno=\count180
\@anim@begin=\toks43
\@anim@end=\toks44
) (/usr/share/texmf/tex/latex/R/tex/latex/Sweave.sty
Package: Sweave 

(/usr/share/texmf-texlive/tex/latex/fancyvrb/fancyvrb.sty
Package: fancyvrb 2008/02/07

Style option: `fancyvrb' v2.7a, with DG/SPQR fixes, and firstline=lastline fix 
<2008/02/07> (tvz)
\FV@CodeLineNo=\count181
\FV@InFile=\read2
\FV@TabBox=\box54
\c@FancyVerbLine=\count182
\FV@StepNumber=\count183
\FV@OutFile=\write4
) (/usr/share/texmf/tex/latex/R/tex/latex/upquote.sty
Package: upquote 2003/08/11 v1.1 Covington's upright-quote modification to verb
atim and verb

(/usr/share/texmf-texlive/tex/latex/base/textcomp.sty
Package: textcomp 2005/09/27 v1.99g Standard LaTeX package
Package textcomp Info: Sub-encoding information:
(textcomp)               5 = only ISO-Adobe without \textcurrency
(textcomp)               4 = 5 + \texteuro
(textcomp)               3 = 4 + \textohm
(textcomp)               2 = 3 + \textestimated + \textcurrency
(textcomp)               1 = TS1 - \textcircled - \t
(textcomp)               0 = TS1 (full)
(textcomp)             Font families with sub-encoding setting implement
(textcomp)             only a restricted character set as indicated.
(textcomp)             Family '?' is the default used for unknown fonts.
(textcomp)             See the documentation for details.
Package textcomp Info: Setting ? sub-encoding to TS1/1 on input line 71.

(/usr/share/texmf-texlive/tex/latex/base/ts1enc.def
File: ts1enc.def 2001/06/05 v3.0e (jk/car/fm) Standard LaTeX file
Now handling font encoding TS1 ...
... processing UTF-8 mapping file for font encoding TS1

(/usr/share/texmf-texlive/tex/latex/base/ts1enc.dfu
File: ts1enc.dfu 2008/04/05 v1.1m UTF-8 support for inputenc
   defining Unicode char U+00A2 (decimal 162)
   defining Unicode char U+00A3 (decimal 163)
   defining Unicode char U+00A4 (decimal 164)
   defining Unicode char U+00A5 (decimal 165)
   defining Unicode char U+00A6 (decimal 166)
   defining Unicode char U+00A7 (decimal 167)
   defining Unicode char U+00A8 (decimal 168)
   defining Unicode char U+00A9 (decimal 169)
   defining Unicode char U+00AA (decimal 170)
   defining Unicode char U+00AC (decimal 172)
   defining Unicode char U+00AE (decimal 174)
   defining Unicode char U+00AF (decimal 175)
   defining Unicode char U+00B0 (decimal 176)
   defining Unicode char U+00B1 (decimal 177)
   defining Unicode char U+00B2 (decimal 178)
   defining Unicode char U+00B3 (decimal 179)
   defining Unicode char U+00B4 (decimal 180)
   defining Unicode char U+00B5 (decimal 181)
   defining Unicode char U+00B6 (decimal 182)
   defining Unicode char U+00B7 (decimal 183)
   defining Unicode char U+00B9 (decimal 185)
   defining Unicode char U+00BA (decimal 186)
   defining Unicode char U+00BC (decimal 188)
   defining Unicode char U+00BD (decimal 189)
   defining Unicode char U+00BE (decimal 190)
   defining Unicode char U+00D7 (decimal 215)
   defining Unicode char U+00F7 (decimal 247)
   defining Unicode char U+0192 (decimal 402)
   defining Unicode char U+02C7 (decimal 711)
   defining Unicode char U+02D8 (decimal 728)
   defining Unicode char U+02DD (decimal 733)
   defining Unicode char U+0E3F (decimal 3647)
   defining Unicode char U+2016 (decimal 8214)
   defining Unicode char U+2020 (decimal 8224)
   defining Unicode char U+2021 (decimal 8225)
   defining Unicode char U+2022 (decimal 8226)
   defining Unicode char U+2030 (decimal 8240)
   defining Unicode char U+2031 (decimal 8241)
   defining Unicode char U+203B (decimal 8251)
   defining Unicode char U+203D (decimal 8253)
   defining Unicode char U+2044 (decimal 8260)
   defining Unicode char U+204E (decimal 8270)
   defining Unicode char U+2052 (decimal 8274)
   defining Unicode char U+20A1 (decimal 8353)
   defining Unicode char U+20A4 (decimal 8356)
   defining Unicode char U+20A6 (decimal 8358)
   defining Unicode char U+20A9 (decimal 8361)
   defining Unicode char U+20AB (decimal 8363)
   defining Unicode char U+20AC (decimal 8364)
   defining Unicode char U+20B1 (decimal 8369)
   defining Unicode char U+2103 (decimal 8451)
   defining Unicode char U+2116 (decimal 8470)
   defining Unicode char U+2117 (decimal 8471)
   defining Unicode char U+211E (decimal 8478)
   defining Unicode char U+2120 (decimal 8480)
   defining Unicode char U+2122 (decimal 8482)
   defining Unicode char U+2126 (decimal 8486)
   defining Unicode char U+2127 (decimal 8487)
   defining Unicode char U+212E (decimal 8494)
   defining Unicode char U+2190 (decimal 8592)
   defining Unicode char U+2191 (decimal 8593)
   defining Unicode char U+2192 (decimal 8594)
   defining Unicode char U+2193 (decimal 8595)
   defining Unicode char U+2329 (decimal 9001)
   defining Unicode char U+232A (decimal 9002)
   defining Unicode char U+2422 (decimal 9250)
   defining Unicode char U+25E6 (decimal 9702)
   defining Unicode char U+25EF (decimal 9711)
   defining Unicode char U+266A (decimal 9834)
))
LaTeX Info: Redefining \oldstylenums on input line 266.
Package textcomp Info: Setting cmr sub-encoding to TS1/0 on input line 281.
Package textcomp Info: Setting cmss sub-encoding to TS1/0 on input line 282.
Package textcomp Info: Setting cmtt sub-encoding to TS1/0 on input line 283.
Package textcomp Info: Setting cmvtt sub-encoding to TS1/0 on input line 284.
Package textcomp Info: Setting cmbr sub-encoding to TS1/0 on input line 285.
Package textcomp Info: Setting cmtl sub-encoding to TS1/0 on input line 286.
Package textcomp Info: Setting ccr sub-encoding to TS1/0 on input line 287.
Package textcomp Info: Setting ptm sub-encoding to TS1/4 on input line 288.
Package textcomp Info: Setting pcr sub-encoding to TS1/4 on input line 289.
Package textcomp Info: Setting phv sub-encoding to TS1/4 on input line 290.
Package textcomp Info: Setting ppl sub-encoding to TS1/3 on input line 291.
Package textcomp Info: Setting pag sub-encoding to TS1/4 on input line 292.
Package textcomp Info: Setting pbk sub-encoding to TS1/4 on input line 293.
Package textcomp Info: Setting pnc sub-encoding to TS1/4 on input line 294.
Package textcomp Info: Setting pzc sub-encoding to TS1/4 on input line 295.
Package textcomp Info: Setting bch sub-encoding to TS1/4 on input line 296.
Package textcomp Info: Setting put sub-encoding to TS1/5 on input line 297.
Package textcomp Info: Setting uag sub-encoding to TS1/5 on input line 298.
Package textcomp Info: Setting ugq sub-encoding to TS1/5 on input line 299.
Package textcomp Info: Setting ul8 sub-encoding to TS1/4 on input line 300.
Package textcomp Info: Setting ul9 sub-encoding to TS1/4 on input line 301.
Package textcomp Info: Setting augie sub-encoding to TS1/5 on input line 302.
Package textcomp Info: Setting dayrom sub-encoding to TS1/3 on input line 303.
Package textcomp Info: Setting dayroms sub-encoding to TS1/3 on input line 304.

Package textcomp Info: Setting pxr sub-encoding to TS1/0 on input line 305.
Package textcomp Info: Setting pxss sub-encoding to TS1/0 on input line 306.
Package textcomp Info: Setting pxtt sub-encoding to TS1/0 on input line 307.
Package textcomp Info: Setting txr sub-encoding to TS1/0 on input line 308.
Package textcomp Info: Setting txss sub-encoding to TS1/0 on input line 309.
Package textcomp Info: Setting txtt sub-encoding to TS1/0 on input line 310.
Package textcomp Info: Setting futs sub-encoding to TS1/4 on input line 311.
Package textcomp Info: Setting futx sub-encoding to TS1/4 on input line 312.
Package textcomp Info: Setting futj sub-encoding to TS1/4 on input line 313.
Package textcomp Info: Setting hlh sub-encoding to TS1/3 on input line 314.
Package textcomp Info: Setting hls sub-encoding to TS1/3 on input line 315.
Package textcomp Info: Setting hlst sub-encoding to TS1/3 on input line 316.
Package textcomp Info: Setting hlct sub-encoding to TS1/5 on input line 317.
Package textcomp Info: Setting hlx sub-encoding to TS1/5 on input line 318.
Package textcomp Info: Setting hlce sub-encoding to TS1/5 on input line 319.
Package textcomp Info: Setting hlcn sub-encoding to TS1/5 on input line 320.
Package textcomp Info: Setting hlcw sub-encoding to TS1/5 on input line 321.
Package textcomp Info: Setting hlcf sub-encoding to TS1/5 on input line 322.
Package textcomp Info: Setting pplx sub-encoding to TS1/3 on input line 323.
Package textcomp Info: Setting pplj sub-encoding to TS1/3 on input line 324.
Package textcomp Info: Setting ptmx sub-encoding to TS1/4 on input line 325.
Package textcomp Info: Setting ptmj sub-encoding to TS1/4 on input line 326.
))
(/usr/share/texmf-texlive/tex/latex/base/fontenc.sty
Package: fontenc 2005/09/27 v1.99g Standard LaTeX package

(/usr/share/texmf-texlive/tex/latex/base/t1enc.def
File: t1enc.def 2005/09/27 v1.99g Standard LaTeX file
LaTeX Font Info:    Redeclaring font encoding T1 on input line 43.
))
(/usr/share/texmf-texlive/tex/latex/ae/ae.sty
Package: ae 2001/02/12 1.3 Almost European Computer Modern

(/usr/share/texmf-texlive/tex/latex/base/fontenc.sty
Package: fontenc 2005/09/27 v1.99g Standard LaTeX package

(/usr/share/texmf-texlive/tex/latex/base/t1enc.def
File: t1enc.def 2005/09/27 v1.99g Standard LaTeX file
LaTeX Font Info:    Redeclaring font encoding T1 on input line 43.
)
LaTeX Font Info:    Try loading font information for T1+aer on input line 100.

(/usr/share/texmf-texlive/tex/latex/ae/t1aer.fd
File: t1aer.fd 1997/11/16 Font definitions for T1/aer.
))))
(/usr/share/texmf-texlive/tex/latex/wasysym/wasysym.sty
Package: wasysym 2003/10/30 v2.0 Wasy-2 symbol support package
\symwasy=\mathgroup7
LaTeX Font Info:    Overwriting symbol font `wasy' in version `bold'
(Font)                  U/wasy/m/n --> U/wasy/b/n on input line 90.
)
(./mat2ciencias20100714.aux (./01Descriptiva.aux) (./02VariablesAleatorias.aux)
(./03Muestreo.aux) (./04Inferencia.aux) (./05Anova.aux) (./06BondadAjuste.aux)
(./07IntroduccionMultidimensional.aux) (./08Regresion.aux) (./09Acp.aux)
(./10EscaladoMultidimensional.aux) (./11AnalisisCorrespondencias.aux)
(./12Clasificacion.aux))
\openout1 = `mat2ciencias20100714.aux'.

LaTeX Font Info:    Checking defaults for OML/cmm/m/it on input line 139.
LaTeX Font Info:    ... okay on input line 139.
LaTeX Font Info:    Checking defaults for T1/cmr/m/n on input line 139.
LaTeX Font Info:    ... okay on input line 139.
LaTeX Font Info:    Checking defaults for OT1/cmr/m/n on input line 139.
LaTeX Font Info:    ... okay on input line 139.
LaTeX Font Info:    Checking defaults for OMS/cmsy/m/n on input line 139.
LaTeX Font Info:    ... okay on input line 139.
LaTeX Font Info:    Checking defaults for OMX/cmex/m/n on input line 139.
LaTeX Font Info:    ... okay on input line 139.
LaTeX Font Info:    Checking defaults for U/cmr/m/n on input line 139.
LaTeX Font Info:    ... okay on input line 139.
LaTeX Font Info:    Checking defaults for PD1/pdf/m/n on input line 139.
LaTeX Font Info:    ... okay on input line 139.
LaTeX Font Info:    Checking defaults for TS1/cmr/m/n on input line 139.
LaTeX Font Info:    Try loading font information for TS1+cmr on input line 139.

 (/usr/share/texmf-texlive/tex/latex/base/ts1cmr.fd
File: ts1cmr.fd 1999/05/25 v2.5h Standard LaTeX font definitions
)
LaTeX Font Info:    ... okay on input line 139.
LaTeX Font Info:    Try loading font information for T1+aess on input line 139.


(/usr/share/texmf-texlive/tex/latex/ae/t1aess.fd
File: t1aess.fd 1997/11/16 Font definitions for T1/aess.
)
(/usr/share/texmf/tex/context/base/supp-pdf.mkii
[Loading MPS to PDF converter (version 2006.09.02).]
\scratchcounter=\count184
\scratchdimen=\dimen185
\scratchbox=\box55
\nofMPsegments=\count185
\nofMParguments=\count186
\everyMPshowfont=\toks45
\MPscratchCnt=\count187
\MPscratchDim=\dimen186
\MPnumerator=\count188
\everyMPtoPDFconversion=\toks46
)
*geometry auto-detecting driver*
*geometry detected driver: pdftex*
-------------------- Geometry parameters
paper: user defined
landscape: --
twocolumn: --
twoside: --
asymmetric: --
h-parts: 10.95003pt, 342.2953pt, 10.95003pt
v-parts: 0.0pt, 273.14662pt, 0.0pt
hmarginratio: --
vmarginratio: --
lines: --
heightrounded: --
bindingoffset: 0.0pt
truedimen: --
includehead: true
includefoot: true
includemp: --
driver: pdftex
-------------------- Page layout dimensions and switches
\paperwidth  364.19536pt
\paperheight 273.14662pt
\textwidth  342.2953pt
\textheight 244.6939pt
\oddsidemargin  -61.31996pt
\evensidemargin -61.31996pt
\topmargin  -72.26999pt
\headheight 14.22636pt
\headsep    0.0pt
\footskip   14.22636pt
\marginparwidth 4.0pt
\marginparsep   10.0pt
\columnsep  10.0pt
\skip\footins  10.0pt plus 4.0pt minus 2.0pt
\hoffset 0.0pt
\voffset 0.0pt
\mag 1000

(1in=72.27pt, 1cm=28.45pt)
-----------------------
Package hyperref Info: Link coloring OFF on input line 139.
(/usr/share/texmf-texlive/tex/latex/hyperref/nameref.sty
Package: nameref 2007/05/29 v2.31 Cross-referencing by name of section

(/usr/share/texmf-texlive/tex/latex/oberdiek/refcount.sty
Package: refcount 2008/08/11 v3.1 Data extraction from references (HO)
)
\c@section@level=\count189
)
LaTeX Info: Redefining \ref on input line 139.
LaTeX Info: Redefining \pageref on input line 139.

(./mat2ciencias20100714.out) (./mat2ciencias20100714.out)
\@outlinefile=\write5
\openout5 = `mat2ciencias20100714.out'.

\AtBeginShipoutBox=\box56
LaTeX Font Info:    Overwriting symbol font `operators' in version `normal'
(Font)                  OT1/cmr/m/n --> OT1/cmss/m/n on input line 139.
LaTeX Font Info:    Overwriting symbol font `operators' in version `bold'
(Font)                  OT1/cmr/bx/n --> OT1/cmss/bx/n on input line 139.
\symnumbers=\mathgroup8
\sympureletters=\mathgroup9
LaTeX Font Info:    Overwriting math alphabet `\mathrm' in version `normal'
(Font)                  OT1/cmss/m/n --> T1/aer/m/n on input line 139.
LaTeX Font Info:    Redeclaring math alphabet \mathbf on input line 139.
LaTeX Font Info:    Overwriting math alphabet `\mathbf' in version `normal'
(Font)                  OT1/cmr/bx/n --> T1/aess/bx/n on input line 139.
LaTeX Font Info:    Overwriting math alphabet `\mathbf' in version `bold'
(Font)                  OT1/cmr/bx/n --> T1/aess/bx/n on input line 139.
LaTeX Font Info:    Redeclaring math alphabet \mathsf on input line 139.
LaTeX Font Info:    Overwriting math alphabet `\mathsf' in version `normal'
(Font)                  OT1/cmss/m/n --> T1/aess/m/n on input line 139.
LaTeX Font Info:    Overwriting math alphabet `\mathsf' in version `bold'
(Font)                  OT1/cmss/bx/n --> T1/aess/m/n on input line 139.
LaTeX Font Info:    Redeclaring math alphabet \mathit on input line 139.
LaTeX Font Info:    Overwriting math alphabet `\mathit' in version `normal'
(Font)                  OT1/cmr/m/it --> T1/aess/m/it on input line 139.
LaTeX Font Info:    Overwriting math alphabet `\mathit' in version `bold'
(Font)                  OT1/cmr/bx/it --> T1/aess/m/it on input line 139.
LaTeX Font Info:    Redeclaring math alphabet \mathtt on input line 139.
LaTeX Font Info:    Overwriting math alphabet `\mathtt' in version `normal'
(Font)                  OT1/cmtt/m/n --> T1/aett/m/n on input line 139.
LaTeX Font Info:    Overwriting math alphabet `\mathtt' in version `bold'
(Font)                  OT1/cmtt/m/n --> T1/aett/m/n on input line 139.
LaTeX Font Info:    Overwriting symbol font `numbers' in version `bold'
(Font)                  T1/aess/m/n --> T1/aess/bx/n on input line 139.
LaTeX Font Info:    Overwriting symbol font `pureletters' in version `bold'
(Font)                  T1/aess/m/it --> T1/aess/bx/it on input line 139.
LaTeX Font Info:    Overwriting math alphabet `\mathrm' in version `bold'
(Font)                  OT1/cmss/bx/n --> T1/aer/bx/n on input line 139.
LaTeX Font Info:    Overwriting math alphabet `\mathbf' in version `bold'
(Font)                  T1/aess/bx/n --> T1/aess/bx/n on input line 139.
LaTeX Font Info:    Overwriting math alphabet `\mathsf' in version `bold'
(Font)                  T1/aess/m/n --> T1/aess/bx/n on input line 139.
LaTeX Font Info:    Overwriting math alphabet `\mathit' in version `bold'
(Font)                  T1/aess/m/it --> T1/aess/bx/it on input line 139.
LaTeX Font Info:    Overwriting math alphabet `\mathtt' in version `bold'
(Font)                  T1/aett/m/n --> T1/aett/bx/n on input line 139.

(/usr/share/texmf-texlive/tex/latex/translator/translator-theorem-dictionary-En
glish.dict
Dictionary: translator-theorem-dictionary, Language: English 
) (./mat2ciencias20100714.nav)

Package hyperref Warning: Option `pdfauthor' has already been used,
(hyperref)                setting the option has no effect on input line 141.

[1

{/var/lib/texmf/fonts/map/pdftex/updmap/pdftex.map}]
(./mat2ciencias20100714.toc) [2

]
\openout2 = `01Descriptiva.aux'.

 (./01Descriptiva.tex
Underfull \vbox (badness 10000) has occurred while \output is active []

 [3


]
Overfull \vbox (12.0pt too high) has occurred while \output is active []

 [4]
[5

] [6

] [7

]
LaTeX Font Info:    Try loading font information for U+msa on input line 69.
 (/usr/share/texmf-texlive/tex/latex/amsfonts/umsa.fd
File: umsa.fd 2009/06/22 v3.00 AMS symbols A
)
LaTeX Font Info:    Try loading font information for U+msb on input line 69.

(/usr/share/texmf-texlive/tex/latex/amsfonts/umsb.fd
File: umsb.fd 2009/06/22 v3.00 AMS symbols B
)
LaTeX Font Info:    Try loading font information for U+lasy on input line 69.

(/usr/share/texmf-texlive/tex/latex/base/ulasy.fd
File: ulasy.fd 1998/08/17 v2.2e LaTeX symbol font definitions
)
LaTeX Font Info:    Try loading font information for U+wasy on input line 69.

(/usr/share/texmf-texlive/tex/latex/wasysym/uwasy.fd
File: uwasy.fd 2003/10/30 v2.0 Wasy-2 symbol font definitions
)
LaTeX Font Info:    Font shape `T1/aess/m/it' in size <6> not available
(Font)              Font shape `T1/aess/m/sl' tried instead on input line 69.
LaTeX Font Info:    Font shape `T1/aess/m/it' in size <5> not available
(Font)              Font shape `T1/aess/m/sl' tried instead on input line 69.
 [8

] [9

] [10

] [11

]
LaTeX Font Info:    Try loading font information for T1+aett on input line 117.


(/usr/share/texmf-texlive/tex/latex/ae/t1aett.fd
File: t1aett.fd 1997/11/16 Font definitions for T1/aett.
)
LaTeX Font Info:    Font shape `T1/aess/m/it' in size <10.95> not available
(Font)              Font shape `T1/aess/m/sl' tried instead on input line 117.
LaTeX Font Info:    Font shape `T1/aess/m/it' in size <8> not available
(Font)              Font shape `T1/aess/m/sl' tried instead on input line 117.
 [12

] [13

] [14

] [15

] [16

]
[17

] [18

] [19

] [20

] [21

] [22

] [23

] [24

] [25

]
<./dibujos/01/-001.pdf, id=954, 722.7pt x 361.35pt>
File: ./dibujos/01/-001.pdf Graphic file (type pdf)

<use ./dibujos/01/-001.pdf> [26

 <./dibujos/01/-001.pdf>]
<./dibujos/01/-002.pdf, id=965, 722.7pt x 361.35pt>
File: ./dibujos/01/-002.pdf Graphic file (type pdf)

<use ./dibujos/01/-002.pdf> [27

 <./dibujos/01/-002.pdf>]
<./dibujos/01/-003.pdf, id=976, 722.7pt x 361.35pt>
File: ./dibujos/01/-003.pdf Graphic file (type pdf)

<use ./dibujos/01/-003.pdf> [28

 <./dibujos/01/-003.pdf>] [29

] [30

] [31

]
[32

]
\openout3 = `mat2ciencias20100714.vrb'.

 (./mat2ciencias20100714.vrb) [33

] [34

] [35

] [36

]
<./dibujos/01/-004.pdf, id=1037, 867.24pt x 433.62pt>
File: ./dibujos/01/-004.pdf Graphic file (type pdf)

<use ./dibujos/01/-004.pdf> [37

 <./dibujos/01/-004.pdf>]
<./dibujos/01/-005.pdf, id=1050, 867.24pt x 433.62pt>
File: ./dibujos/01/-005.pdf Graphic file (type pdf)

<use ./dibujos/01/-005.pdf> [38

 <./dibujos/01/-005.pdf>] [39

] [40

] [41

]
[42

] [43

]
\openout3 = `mat2ciencias20100714.vrb'.

 (./mat2ciencias20100714.vrb) [44

] [45

] [46

]
LaTeX Font Info:    Font shape `T1/aess/m/it' in size <10> not available
(Font)              Font shape `T1/aess/m/sl' tried instead on input line 590.
LaTeX Font Info:    Font shape `T1/aess/m/it' in size <7> not available
(Font)              Font shape `T1/aess/m/sl' tried instead on input line 590.
 [47

] [48

] [49

] [50

]
[51

] [52

] [53

] [54

] [55

] [56

] [57

] [58

] [59

] [60

] [61

] [62

] [63

] [64

] [65

]
[66

] [67

] [68

] [69

] [70

] [71

] [72

] [73

] [74

] [75

] [76

] [77

]
<./dibujos/01/-006.pdf, id=1309, 722.7pt x 361.35pt>
File: ./dibujos/01/-006.pdf Graphic file (type pdf)

<use ./dibujos/01/-006.pdf> [78

 <./dibujos/01/-006.pdf>] [79

] [80

]
<./dibujos/01/-007.pdf, id=1336, 722.7pt x 361.35pt>
File: ./dibujos/01/-007.pdf Graphic file (type pdf)

<use ./dibujos/01/-007.pdf> [81

 <./dibujos/01/-007.pdf>]
\openout3 = `mat2ciencias20100714.vrb'.


(./mat2ciencias20100714.vrb) [82

]
\openout3 = `mat2ciencias20100714.vrb'.

 (./mat2ciencias20100714.vrb) [83

]
\openout3 = `mat2ciencias20100714.vrb'.


(./mat2ciencias20100714.vrb) [84

]
\openout3 = `mat2ciencias20100714.vrb'.

 (./mat2ciencias20100714.vrb) [85

]
\openout3 = `mat2ciencias20100714.vrb'.


(./mat2ciencias20100714.vrb
<./dibujos/01/-011.pdf, id=1374, 722.7pt x 361.35pt>
File: ./dibujos/01/-011.pdf Graphic file (type pdf)

<use ./dibujos/01/-011.pdf>) [86

 <./dibujos/01/-011.pdf>] [87

]
\openout3 = `mat2ciencias20100714.vrb'.


(./mat2ciencias20100714.vrb) [88

]
\openout3 = `mat2ciencias20100714.vrb'.

 (./mat2ciencias20100714.vrb
<./dibujos/01/-013.pdf, id=1399, 722.7pt x 361.35pt>
File: ./dibujos/01/-013.pdf Graphic file (type pdf)

<use ./dibujos/01/-013.pdf>) [89

 <./dibujos/01/-013.pdf>] [90

] [91

] [92

]
[93

] [94

] [95

] [96

] [97

] [98

] [99

] [100

] [101

]
<./dibujos/interpretacion.pdf, id=1486, 194.7275pt x 166.6225pt>
File: ./dibujos/interpretacion.pdf Graphic file (type pdf)

<use ./dibujos/interpretacion.pdf>
Overfull \vbox (16.4145pt too high) detected at line 1404
 []

[102

 <./dibujos/interpretacion.pdf>] [103

] [104

] [105

] [106

] [107

] [108

]
[109

] [110

] [111

] [112

] [113

] [114

] [115

] [116

] [117

] [118

] [119

] [120

]
<./dibujos/diagrama.pdf, id=1628, 299.1175pt x 122.4575pt>
File: ./dibujos/diagrama.pdf Graphic file (type pdf)

<use ./dibujos/diagrama.pdf> [121

 <./dibujos/diagrama.pdf>] [122

]
<./dibujos/curva.pdf, id=1652, 358.33875pt x 129.48375pt>
File: ./dibujos/curva.pdf Graphic file (type pdf)

<use ./dibujos/curva.pdf> [123

 <./dibujos/curva.pdf>] [124

] [125

] [126

]
[127

] <./dibujos/histogramas2.pdf, id=1698, 360.34625pt x 105.39375pt>
File: ./dibujos/histogramas2.pdf Graphic file (type pdf)

<use ./dibujos/histogramas2.pdf> [128

 <./dibujos/histogramas2.pdf>] [129

]
[130

] [131

] [132

] [133

] [134

] [135

]
<./dibujos/histogramas3.pdf, id=1750, 376.40625pt x 99.37125pt>
File: ./dibujos/histogramas3.pdf Graphic file (type pdf)

<use ./dibujos/histogramas3.pdf> [136

 <./dibujos/histogramas3.pdf>] [137

]
[138

] [139

] [140

] [141

] [142

] [143

]
<./dibujos/01/-014.pdf, id=1804, 433.62pt x 433.62pt>
File: ./dibujos/01/-014.pdf Graphic file (type pdf)

<use ./dibujos/01/-014.pdf>
Overfull \vbox (55.90134pt too high) detected at line 1985
 []

[144

 <./dibujos/01/-014.pdf>] [145

] [146

] [147

] [148

] [149

] [150

] [151

]
[152

] [153

] [154

] [155

] [156

] [157

] [158

] [159

] [160

] [161

] [162

] [163

]
[164

] [165

] [166

] [167

] [168

] [169

] [170

] [171

] [172

] [173

] [174

] [175

]
[176

] [177

] [178

] [179

] [180

] [181

] [182

] [183

] [184

] [185

] [186

] [187

]
[188

] [189

] [190

] [191

]
LaTeX Font Info:    Font shape `T1/aess/m/it' in size <14.4> not available
(Font)              Font shape `T1/aess/m/sl' tried instead on input line 2775.

 [192

] [193

] [194

] [195

]
<./dibujos/nube.pdf, id=2133, 359.3425pt x 172.645pt>
File: ./dibujos/nube.pdf Graphic file (type pdf)
 <use ./dibujos/nube.pdf>
Overfull \vbox (1.42387pt too high) detected at line 2836
 []

[196

 <./dibujos/nube.pdf>] [197

] [198

] [199

]
<./dibujos/nube2.pdf, id=2168, 173.64874pt x 172.645pt>
File: ./dibujos/nube2.pdf Graphic file (type pdf)

<use ./dibujos/nube2.pdf>
Overfull \vbox (54.65265pt too high) detected at line 2887
 []

[200

 <./dibujos/nube2.pdf>] [201

] [202

] [203

] [204

] [205

] [206

] [207

] [208

]
[209

] [210

] [211

] [212

] [213

] [214

] [215

] [216

] [217

] [218

] [219

] [220

]
[221

])
\openout2 = `02VariablesAleatorias.aux'.

 (./02VariablesAleatorias.tex
Underfull \vbox (badness 10000) has occurred while \output is active []

 [222



]
Overfull \vbox (12.0pt too high) has occurred while \output is active []

 [223]
[224

] [225

] [226

] [227

] [228

] [229

] [230

] [231

] [232

] [233

] [234

] [235

]
[236

] <./dibujos/distr1.pdf, id=2405, 505.89pt x 505.89pt>
File: ./dibujos/distr1.pdf Graphic file (type pdf)

<use ./dibujos/distr1.pdf> [237

 <./dibujos/distr1.pdf>]
File: ./dibujos/distr1.pdf Graphic file (type pdf)

<use ./dibujos/distr1.pdf> [238

]
File: ./dibujos/distr1.pdf Graphic file (type pdf)
 <use ./dibujos/distr1.pdf> [239

] [240

]
[241

] [242

] [243

] [244

]

Package amsmath Warning: Foreign command \atopwithdelims;
(amsmath)                \frac or \genfrac should be used instead
(amsmath)                 on input line 422.


Overfull \hbox (11.01479pt too wide) in paragraph at lines 422--422
 [] 
 []

[245

] [246

]
\openout3 = `mat2ciencias20100714.vrb'.

 (./mat2ciencias20100714.vrb) [247

] [248

] [249

] [250

] [251

] [252

]
[253

] [254

]
Overfull \hbox (11.31345pt too wide) in paragraph at lines 645--645
[][]  
 []

[255

] [256

] [257

] [258

] [259

]
\openout3 = `mat2ciencias20100714.vrb'.

 (./mat2ciencias20100714.vrb) [260

] [261

] [262

]
[263

] [264

] [265

] [266

] [267

] [268

] [269

]
\openout3 = `mat2ciencias20100714.vrb'.

 (./mat2ciencias20100714.vrb) [270

]
\openout3 = `mat2ciencias20100714.vrb'.


(./mat2ciencias20100714.vrb) [271

] [272

] [273

] [274

] [275

] [276

]
\openout3 = `mat2ciencias20100714.vrb'.


(./mat2ciencias20100714.vrb) [277

]
\openout3 = `mat2ciencias20100714.vrb'.

 (./mat2ciencias20100714.vrb) [278

] [279

]
[280

] [281

]
\openout3 = `mat2ciencias20100714.vrb'.

 (./mat2ciencias20100714.vrb) [282

]
\openout3 = `mat2ciencias20100714.vrb'.

 (./mat2ciencias20100714.vrb
<./dibujos/02/-006.pdf, id=2747, 433.62pt x 433.62pt>
File: ./dibujos/02/-006.pdf Graphic file (type pdf)

<use ./dibujos/02/-006.pdf>)
Overfull \vbox (55.90134pt too high) detected at line 1133
 []

[283

 <./dibujos/02/-006.pdf>] [284

] [285

] [286

] [287

] [288

]
<./dibujos/02/-007.pdf, id=2789, 325.215pt x 252.945pt>
File: ./dibujos/02/-007.pdf Graphic file (type pdf)

<use ./dibujos/02/-007.pdf>
Overfull \vbox (17.93869pt too high) detected at line 1227
 []

[289

 <./dibujos/02/-007.pdf>] [290

] [291

] [292

] [293

] [294

] [295

] [296

]
[297

] [298

] [299

] [300

] [301

] [302

]
<./dibujos/densidaduniforme12.pdf, id=2883, 289.08pt x 178.6675pt>
File: ./dibujos/densidaduniforme12.pdf Graphic file (type pdf)

<use ./dibujos/densidaduniforme12.pdf>
<./dibujos/distribucionuniforme12.pdf, id=2884, 289.08pt x 178.6675pt>
File: ./dibujos/distribucionuniforme12.pdf Graphic file (type pdf)

<use ./dibujos/distribucionuniforme12.pdf>
Overfull \hbox (5.1068pt too wide) in paragraph at lines 1451--1451
 [] 
 []

[303

 <./dibujos/densidaduniforme12.pdf> <./dibujos/distribucionuniforme12.pdf>]
Overfull \hbox (8.50981pt too wide) in paragraph at lines 1470--1470
[][]  
 []

[304

] [305

] [306

] [307

]
Overfull \hbox (9.8382pt too wide) in paragraph at lines 1534--1534
[][]  
 []

[308

] [309

] [310

] [311

]
\openout3 = `mat2ciencias20100714.vrb'.

 (./mat2ciencias20100714.vrb
<./dibujos/02/-008.pdf, id=2966, 433.62pt x 433.62pt>
File: ./dibujos/02/-008.pdf Graphic file (type pdf)

<use ./dibujos/02/-008.pdf>)
Overfull \vbox (56.4614pt too high) detected at line 1585
 []

[312

 <./dibujos/02/-008.pdf>] [313

]
<./dibujos/dosnormalesmediasigualesvardistintas.png, id=2987, 353.82187pt x 219
.06844pt>
File: ./dibujos/dosnormalesmediasigualesvardistintas.png Graphic file (type png
)
 <use ./dibujos/dosnormalesmediasigualesvardistintas.png> [314

 <./dibujos/dosnormalesmediasigualesvardistintas.png>]
<./dibujos/dosnormalesmediasdistintasvariguales.png, id=2995, 386.19281pt x 231
.11343pt>
File: ./dibujos/dosnormalesmediasdistintasvariguales.png Graphic file (type png
)
 <use ./dibujos/dosnormalesmediasdistintasvariguales.png> [315

 <./dibujos/dosnormalesmediasdistintasvariguales.png>]
<./dibujos/dosnormalesmediasdistintasvardistintas.png, id=3004, 398.99063pt x 2
39.39438pt>
File: ./dibujos/dosnormalesmediasdistintasvardistintas.png Graphic file (type p
ng)
 <use ./dibujos/dosnormalesmediasdistintasvardistintas.png> [316

 <./dibujos/dosnormalesmediasdistintasvardistintas.png>] [317

] [318

] [319

] [320

]
<./dibujos/02/-009.pdf, id=3040, 433.62pt x 274.02374pt>
File: ./dibujos/02/-009.pdf Graphic file (type pdf)

<use ./dibujos/02/-009.pdf> [321

 <./dibujos/02/-009.pdf>] [322

] [323

] [324

]
[325

] [326

] [327

]
Overfull \hbox (13.84665pt too wide) detected at line 1794
\T1/aess/m/sl/10.95 P\OT1/cmss/m/n/10.95 (\T1/aess/m/sl/10.95 X \OMS/cmsy/m/n/1
0.95 ^^T \T1/aess/m/sl/10.95 x\OT1/cmss/m/n/10.95 ) = \T1/aess/m/sl/10.95 P\OT1
/cmss/m/n/10.95 ([] \OMS/cmsy/m/n/10.95 ^^T []\OT1/cmss/m/n/10.95 ) = \T1/aess/
m/sl/10.95 P\OT1/cmss/m/n/10.95 (\T1/aess/m/sl/10.95 Z \OMS/cmsy/m/n/10.95 ^^T 
[]\OT1/cmss/m/n/10.95 ) = \T1/aess/m/sl/10.95 F[]\OT1/cmss/m/n/10.95 ([]) = \T1
/aess/m/n/10.95 0\OML/cmm/m/it/10.95 :\T1/aess/m/n/10.95 6915\OML/cmm/m/it/10.9
5 ;
 []

[328

] [329

] [330

]

Package amsmath Warning: Foreign command \over;
(amsmath)                \frac or \genfrac should be used instead
(amsmath)                 on input line 1845.

[331

] [332

] [333

]
Overfull \hbox (6.84943pt too wide) detected at line 1915
[]
 []

[334

] [335

]
LaTeX Font Info:    Font shape `T1/aess/m/it' in size <9> not available
(Font)              Font shape `T1/aess/m/sl' tried instead on input line 1954.

 [336

] [337

])
\openout2 = `03Muestreo.aux'.

 (./03Muestreo.tex
Underfull \vbox (badness 10000) has occurred while \output is active []

 [338



]
Overfull \vbox (12.0pt too high) has occurred while \output is active []

 [339]
[340

] [341

] [342

] [343

] [344

] [345

] [346

] [347

] [348

] [349

] [350

] [351

]
[352

] [353

] [354

] [355

] [356

] [357

] [358

] [359

] [360

] [361

] [362

] [363

]
[364

] [365

] [366

] [367

] [368

] [369

] [370

] [371

] [372

] [373

] [374

] [375

]
[376

] [377

] [378

] [379

] [380

] [381

] [382

]
<./dibujos/03/-001.pdf, id=3435, 433.62pt x 325.215pt>
File: ./dibujos/03/-001.pdf Graphic file (type pdf)

<use ./dibujos/03/-001.pdf>
Overfull \vbox (10.94827pt too high) detected at line 711
 []

[383

 <./dibujos/03/-001.pdf>] [384

] [385

])
\openout2 = `04Inferencia.aux'.

 (./04Inferencia.tex
Underfull \vbox (badness 10000) has occurred while \output is active []

 [386



]
Overfull \vbox (14.12424pt too high) has occurred while \output is active []


[387] [388

] [389

] [390

] [391

] [392

] [393

] [394

] [395

] [396

] [397

] [398

]
[399

] [400

] [401

] [402

] [403

] [404

] [405

] [406

]
Overfull \hbox (11.66925pt too wide) detected at line 381
[] [] \OT1/cmss/m/n/10.95 = [] [] \T1/aess/m/sl/10.95 p \OT1/cmss/m/n/10.95 + [
] [](\T1/aess/m/n/10.95 1 \OMS/cmsy/m/n/10.95 ^^@ \T1/aess/m/sl/10.95 p\OT1/cms
s/m/n/10.95 )
 []

[407

] [408

] [409

] [410

] [411

] [412

] [413

] [414

] [415

] [416

] [417

] [418

]
[419

] [420

] [421

] [422

] [423

] [424

] [425

] [426

] [427

] [428

] [429

] [430

]
[431

] [432

] [433

] [434

] [435

] [436

] [437

] [438

] [439

] [440

] [441

] [442

]
[443

] [444

] [445

] [446

] [447

] [448

] [449

] [450

] [451

] [452

] [453

] [454

]
[455

] [456

] [457

] [458

] [459

] [460

] [461

] [462

] [463

] [464

] [465

] [466

]
[467

]

Package hyperref Warning: Token not allowed in a PDF string (PDFDocEncoding):
(hyperref)                removing `math shift' on input line 1374.


Package hyperref Warning: Token not allowed in a PDF string (PDFDocEncoding):
(hyperref)                removing `math shift' on input line 1374.

[468

] [469

] [470

] [471

] [472

] [473

] [474

] [475

] [476

] [477

] [478

] [479

]
[480

] [481

] [482

] [483

] [484

] [485

]
\openout3 = `mat2ciencias20100714.vrb'.

 (./mat2ciencias20100714.vrb) [486

]
\openout3 = `mat2ciencias20100714.vrb'.


(./mat2ciencias20100714.vrb) [487

] [488

] [489

] [490

] [491

] [492

] [493

] [494

]
[495

] [496

] [497

] [498

] [499

] [500

] [501

] [502

] [503

] [504

] [505

] [506

]
[507

] [508

] [509

] [510

] [511

] [512

] [513

] [514

] [515

] [516

] [517

] [518

]
[519

] [520

] [521

] [522

] [523

] [524

] [525

] [526

] [527

] [528

] [529

] [530

]
\openout3 = `mat2ciencias20100714.vrb'.


(./mat2ciencias20100714.vrb) [531

] [532

] [533

] [534

] [535

])
\openout2 = `05Anova.aux'.

 (./05Anova.tex
Underfull \vbox (badness 10000) has occurred while \output is active []

 [536



]
[537] [538

] [539

] [540

]
\openout3 = `mat2ciencias20100714.vrb'.

 (./mat2ciencias20100714.vrb)
Overfull \vbox (14.29771pt too high) detected at line 105
 []

[541

]
\openout3 = `mat2ciencias20100714.vrb'.

 (./mat2ciencias20100714.vrb) [542

] [543

] [544

] [545

]
\openout3 = `mat2ciencias20100714.vrb'.


(./mat2ciencias20100714.vrb) [546

]
\openout3 = `mat2ciencias20100714.vrb'.

 (./mat2ciencias20100714.vrb) [547

]
\openout3 = `mat2ciencias20100714.vrb'.


(./mat2ciencias20100714.vrb) [548

] [549

] [550

] [551

]
\openout3 = `mat2ciencias20100714.vrb'.


(./mat2ciencias20100714.vrb)
Overfull \vbox (8.99767pt too high) detected at line 390
 []

[552

] [553

] [554

] [555

]
\openout3 = `mat2ciencias20100714.vrb'.

 (./mat2ciencias20100714.vrb) [556

]
\openout3 = `mat2ciencias20100714.vrb'.


(./mat2ciencias20100714.vrb) [557

] [558

]
\openout3 = `mat2ciencias20100714.vrb'.

 (./mat2ciencias20100714.vrb) [559

]
[560

] [561

] [562

] [563

]
\openout3 = `mat2ciencias20100714.vrb'.

 (./mat2ciencias20100714.vrb)
Overfull \vbox (0.7775pt too high) detected at line 666
 []

[564

]
\openout3 = `mat2ciencias20100714.vrb'.

 (./mat2ciencias20100714.vrb) [565

]
\openout3 = `mat2ciencias20100714.vrb'.

 (./mat2ciencias20100714.vrb) [566

]
\openout3 = `mat2ciencias20100714.vrb'.


(./mat2ciencias20100714.vrb) [567

]
\openout3 = `mat2ciencias20100714.vrb'.

 (./mat2ciencias20100714.vrb) [568

] [569

]
[570

]
\openout3 = `mat2ciencias20100714.vrb'.

 (./mat2ciencias20100714.vrb) [571

] [572

]
\openout3 = `mat2ciencias20100714.vrb'.

 (./mat2ciencias20100714.vrb)
[573

] [574

] [575

] [576

] [577

] [578

] [579

] [580

] [581

]
<./dibujos/05/NoInteraccio.pdf, id=4679, 505.89pt x 505.89pt>
File: ./dibujos/05/NoInteraccio.pdf Graphic file (type pdf)

<use ./dibujos/05/NoInteraccio.pdf> [582

 <./dibujos/05/NoInteraccio.pdf>]
[583

] [584

] [585

] [586

]
\openout3 = `mat2ciencias20100714.vrb'.

 (./mat2ciencias20100714.vrb) [587

]
\openout3 = `mat2ciencias20100714.vrb'.


(./mat2ciencias20100714.vrb)
Overfull \vbox (3.09764pt too high) detected at line 1146
 []

[588

]
\openout3 = `mat2ciencias20100714.vrb'.

 (./mat2ciencias20100714.vrb) [589

]
\openout3 = `mat2ciencias20100714.vrb'.

 (./mat2ciencias20100714.vrb) [590

]
\openout3 = `mat2ciencias20100714.vrb'.


(./mat2ciencias20100714.vrb) [591

]
\openout3 = `mat2ciencias20100714.vrb'.

 (./mat2ciencias20100714.vrb) [592

]
\openout3 = `mat2ciencias20100714.vrb'.


(./mat2ciencias20100714.vrb) [593

] [594

] [595

]
\openout3 = `mat2ciencias20100714.vrb'.

 (./mat2ciencias20100714.vrb)
[596

]
\openout3 = `mat2ciencias20100714.vrb'.

 (./mat2ciencias20100714.vrb) [597

]
\openout3 = `mat2ciencias20100714.vrb'.

 (./mat2ciencias20100714.vrb) [598

]
[599

] [600

] [601

]
\openout3 = `mat2ciencias20100714.vrb'.

 (./mat2ciencias20100714.vrb) [602

]
\openout3 = `mat2ciencias20100714.vrb'.


(./mat2ciencias20100714.vrb) [603

]
\openout3 = `mat2ciencias20100714.vrb'.

 (./mat2ciencias20100714.vrb) [604

]
\openout3 = `mat2ciencias20100714.vrb'.


(./mat2ciencias20100714.vrb) [605

]
\openout3 = `mat2ciencias20100714.vrb'.

 (./mat2ciencias20100714.vrb) [606

] [607

]
[608

]
\openout3 = `mat2ciencias20100714.vrb'.

 (./mat2ciencias20100714.vrb) [609

] [610

]
\openout3 = `mat2ciencias20100714.vrb'.

 (./mat2ciencias20100714.vrb)
[611

]
\openout3 = `mat2ciencias20100714.vrb'.

 (./mat2ciencias20100714.vrb) [612

] [613

] [614

] [615

] [616

] [617

] [618

]
[619

]
LaTeX Font Info:    Font shape `T1/aess/m/it' in size <12> not available
(Font)              Font shape `T1/aess/m/sl' tried instead on input line 1845.

 [620

] [621

] [622

]
\openout3 = `mat2ciencias20100714.vrb'.

 (./mat2ciencias20100714.vrb) [623

]
\openout3 = `mat2ciencias20100714.vrb'.


(./mat2ciencias20100714.vrb)
Overfull \vbox (7.39763pt too high) detected at line 1945
 []

[624

]
\openout3 = `mat2ciencias20100714.vrb'.

 (./mat2ciencias20100714.vrb) [625

]
\openout3 = `mat2ciencias20100714.vrb'.

 (./mat2ciencias20100714.vrb) [626

]
\openout3 = `mat2ciencias20100714.vrb'.


(./mat2ciencias20100714.vrb) [627

]
\openout3 = `mat2ciencias20100714.vrb'.

 (./mat2ciencias20100714.vrb) [628

]
\openout3 = `mat2ciencias20100714.vrb'.


(./mat2ciencias20100714.vrb) [629

] [630

]
\openout3 = `mat2ciencias20100714.vrb'.

 (./mat2ciencias20100714.vrb) [631

]
\openout3 = `mat2ciencias20100714.vrb'.


(./mat2ciencias20100714.vrb) [632

]
\openout3 = `mat2ciencias20100714.vrb'.

 (./mat2ciencias20100714.vrb) [633

] [634

]
\openout3 = `mat2ciencias20100714.vrb'.


(./mat2ciencias20100714.vrb) [635

]
\openout3 = `mat2ciencias20100714.vrb'.

 (./mat2ciencias20100714.vrb) [636

] [637

]
[638

] [639

] [640

] [641

]
\openout3 = `mat2ciencias20100714.vrb'.

 (./mat2ciencias20100714.vrb) [642

]
\openout3 = `mat2ciencias20100714.vrb'.


(./mat2ciencias20100714.vrb) [643

] [644

])
\openout2 = `06BondadAjuste.aux'.

 (./06BondadAjuste.tex
Underfull \vbox (badness 10000) has occurred while \output is active []

 [645



]
Overfull \vbox (14.12424pt too high) has occurred while \output is active []


[646] [647

] [648

] [649

] [650

] [651

] [652

] [653

] [654

] [655

] [656

] [657

]
[658

]
Overfull \hbox (24.47174pt too wide) detected at line 207
\OML/cmm/m/it/10.95 ^^_[] \OT1/cmss/m/n/10.95 = \OML/cmm/m/it/10.95 ^^_[] \OT1/
cmss/m/n/10.95 = [] + [] + [] + [] = \T1/aess/m/n/10.95 3\OML/cmm/m/it/10.95 :\
T1/aess/m/n/10.95 05
 []

[659

] [660

] [661

] [662

] [663

] [664

] [665

] [666

] [667

] [668

] [669

] [670

]
[671

] [672

]
\openout3 = `mat2ciencias20100714.vrb'.

 (./mat2ciencias20100714.vrb) [673

])
\openout2 = `07IntroduccionMultidimensional.aux'.


(./07IntroduccionMultidimensional.tex
Underfull \vbox (badness 10000) has occurred while \output is active []

 [674



]
[675] [676

] [677

] [678

] [679

] [680

] [681

] [682

] [683

] [684

] [685

] [686

]
[687

] [688

] [689

] [690

]
Underfull \vbox (badness 10000) has occurred while \output is active []

 [691

]
[692] [693

] [694

] [695

] [696

] [697

] [698

] [699

] [700

] [701

] [702

] [703

]
[704

] [705

] [706

] [707

] [708

] [709

] [710

] [711

] [712

] [713

] [714

] [715

]
[716

] [717

] [718

] [719

] [720

] [721

] [722

] [723

] [724

] [725

] [726

] [727

]
[728

] [729

] [730

] [731

] [732

] [733

] [734

])
\openout2 = `08Regresion.aux'.

 (./08Regresion.tex
Underfull \vbox (badness 10000) has occurred while \output is active []

 [735



]
Overfull \vbox (14.12424pt too high) has occurred while \output is active []


[736] [737

] <./dibujos/GrapRLS.pdf, id=5660, 433.62pt x 433.62pt>
File: ./dibujos/GrapRLS.pdf Graphic file (type pdf)

<use ./dibujos/GrapRLS.pdf>
Overfull \vbox (54.29778pt too high) detected at line 79
 []

[738

 <./dibujos/GrapRLS.pdf>] [739

] [740

] [741

] [742

] [743

] [744

] [745

]
[746

] [747

] [748

] [749

] [750

] [751

] [752

]
<./dibujos/08/qqtest.pdf, id=5762, 433.62pt x 433.62pt>
File: ./dibujos/08/qqtest.pdf Graphic file (type pdf)

<use ./dibujos/08/qqtest.pdf>
Overfull \vbox (149.78249pt too high) detected at line 350
 []

[753

 <./dibujos/08/qqtest.pdf>] [754

] [755

] [756

]

Package hyperref Warning: Token not allowed in a PDF string (PDFDocEncoding):
(hyperref)                removing `math shift' on input line 392.


Package hyperref Warning: Token not allowed in a PDF string (PDFDocEncoding):
(hyperref)                removing `superscript' on input line 392.


Package hyperref Warning: Token not allowed in a PDF string (PDFDocEncoding):
(hyperref)                removing `math shift' on input line 392.

[757

] [758

] [759

] [760

] [761

] [762

] [763

] [764

] [765

]
Overfull \hbox (12.15431pt too wide) in paragraph at lines 542--559
[][][][][][]     [][][]  
 []


Underfull \vbox (badness 10000) has occurred while \output is active []

 [766

]
[767] [768

] [769

] [770

] [771

] [772

] [773

] [774

] [775

] [776

] [777

] [778

]
[779

] [780

] [781

] [782

]
Overfull \vbox (1.34258pt too high) detected at line 842
 []

[783

] [784

] [785

] [786

] [787

] [788

] [789

] [790

] [791

] [792

] [793

] [794

]
[795

] [796

] [797

] [798

] [799

] [800

])
\openout2 = `09Acp.aux'.

 (./09Acp.tex [801



] [802

] [803

] [804

]
[805

] [806

] [807

] [808

] [809

]
Overfull \vbox (12.72173pt too high) detected at line 201
 []

[810

] [811

] [812

]
Overfull \vbox (10.59749pt too high) detected at line 296
 []

[813

] [814

] [815

] [816

] [817

]
<./dibujos/11/AnCorrFiles.pdf, id=6173, 433.62pt x 433.62pt>
File: ./dibujos/11/AnCorrFiles.pdf Graphic file (type pdf)

<use ./dibujos/11/AnCorrFiles.pdf>
Overfull \vbox (112.89252pt too high) detected at line 400
 []

[818

 <./dibujos/11/AnCorrFiles.pdf>] [819

] [820

] [821

] [822

] [823

]
<./dibujos/11/AnCorrColumnes.pdf, id=6215, 433.62pt x 433.62pt>
File: ./dibujos/11/AnCorrColumnes.pdf Graphic file (type pdf)

<use ./dibujos/11/AnCorrColumnes.pdf>
Overfull \vbox (58.4925pt too high) detected at line 531
 []

[824

 <./dibujos/11/AnCorrColumnes.pdf>] [825

] [826

] [827

] [828

] [829

] [830

]
[831

] <./dibujos/11/AnCorrConjunta.pdf, id=6269, 433.62pt x 433.62pt>
File: ./dibujos/11/AnCorrConjunta.pdf Graphic file (type pdf)

<use ./dibujos/11/AnCorrConjunta.pdf>
Overfull \vbox (83.5678pt too high) detected at line 661
 []

[832

 <./dibujos/11/AnCorrConjunta.pdf>])
\openout2 = `10EscaladoMultidimensional.aux'.

 (./10EscaladoMultidimensional.tex
Underfull \vbox (badness 10000) has occurred while \output is active []

 [833



]
Overfull \vbox (12.0pt too high) has occurred while \output is active []

 [834]
[835

] [836

] [837

] [838

]

Package hyperref Warning: Token not allowed in a PDF string (PDFDocEncoding):
(hyperref)                removing `math shift' on input line 68.


Package hyperref Warning: Token not allowed in a PDF string (PDFDocEncoding):
(hyperref)                removing `math shift' on input line 68.

[839

] [840

] [841

] [842

] [843

] [844

] [845

] [846

] [847

] [848

] [849

] [850

]
[851

] <./dibujos/EscalMulti.pdf, id=6397, 433.62pt x 433.62pt>
File: ./dibujos/EscalMulti.pdf Graphic file (type pdf)

<use ./dibujos/EscalMulti.pdf>
Overfull \vbox (72.05974pt too high) detected at line 335
 []

[852

 <./dibujos/EscalMulti.pdf>] [853

] [854

] [855

])
\openout2 = `11AnalisisCorrespondencias.aux'.


(./11AnalisisCorrespondencias.tex
Underfull \vbox (badness 10000) has occurred while \output is active []

 [856



]
[857] [858

] [859

] [860

] [861

] [862

] [863

] [864

] [865

]
Overfull \vbox (12.72173pt too high) detected at line 203
 []

[866

] [867

] [868

]
Overfull \vbox (10.59749pt too high) detected at line 298
 []

[869

] [870

] [871

] [872

] [873

]
File: ./dibujos/11/AnCorrFiles.pdf Graphic file (type pdf)
 <use ./dibujos/11/AnCorrFiles.pdf>
Overfull \vbox (112.89252pt too high) detected at line 402
 []

[874

] [875

] [876

] [877

] [878

] [879

]
File: ./dibujos/11/AnCorrColumnes.pdf Graphic file (type pdf)
 <use ./dibujos/11/AnCorrColumnes.pdf>
Overfull \vbox (58.4925pt too high) detected at line 533
 []

[880

] [881

] [882

] [883

] [884

] [885

] [886

] [887

]
File: ./dibujos/11/AnCorrConjunta.pdf Graphic file (type pdf)

<use ./dibujos/11/AnCorrConjunta.pdf>
Overfull \vbox (83.5678pt too high) detected at line 663
 []

[888

])
\openout2 = `12Clasificacion.aux'.

 (./12Clasificacion.tex
Underfull \vbox (badness 10000) has occurred while \output is active []

 [889



]
Overfull \vbox (12.0pt too high) has occurred while \output is active []

 [890]

Package hyperref Warning: Token not allowed in a PDF string (PDFDocEncoding):
(hyperref)                removing `math shift' on input line 18.


Package hyperref Warning: Token not allowed in a PDF string (PDFDocEncoding):
(hyperref)                removing `math shift' on input line 18.

[891

]

Package hyperref Warning: Token not allowed in a PDF string (PDFDocEncoding):
(hyperref)                removing `math shift' on input line 34.


Package hyperref Warning: Token not allowed in a PDF string (PDFDocEncoding):
(hyperref)                removing `math shift' on input line 34.

[892

] [893

] [894

] [895

] [896

] [897

]

LaTeX Font Warning: Command \small invalid in math mode on input line 142.

[898

] <./dibujos/kmeans1.pdf, id=6693, 433.62pt x 433.62pt>
File: ./dibujos/kmeans1.pdf Graphic file (type pdf)

<use ./dibujos/kmeans1.pdf>
Overfull \vbox (92.89574pt too high) detected at line 150
 []

[899

 <./dibujos/kmeans1.pdf>]

LaTeX Font Warning: Command \tiny invalid in math mode on input line 172.

[900

]

LaTeX Font Warning: Command \tiny invalid in math mode on input line 198.


LaTeX Font Warning: Command \tiny invalid in math mode on input line 198.

[901

] [902

]

Package hyperref Warning: Token not allowed in a PDF string (PDFDocEncoding):
(hyperref)                removing `math shift' on input line 215.


Package hyperref Warning: Token not allowed in a PDF string (PDFDocEncoding):
(hyperref)                removing `math shift' on input line 215.

[903

] [904

] [905

] [906

] [907

] [908

] [909

] [910

] [911

] [912

] [913

] [914

]
[915

] [916

] [917

] [918

] [919

] [920

] [921

] [922

] [923

] [924

]
<./dibujos/ExCluster1.pdf, id=6859, 433.62pt x 433.62pt>
File: ./dibujos/ExCluster1.pdf Graphic file (type pdf)

<use ./dibujos/ExCluster1.pdf>
Overfull \vbox (87.61472pt too high) detected at line 621
 []

[925

 <./dibujos/ExCluster1.pdf>] [926

] [927

] [928

] [929

] [930

] [931

] [932

]
<./dibujos/DendogramaPuntsSimple.pdf, id=6918, 433.62pt x 433.62pt>
File: ./dibujos/DendogramaPuntsSimple.pdf Graphic file (type pdf)

<use ./dibujos/DendogramaPuntsSimple.pdf>
Overfull \vbox (54.39201pt too high) detected at line 761
 []

[933

 <./dibujos/DendogramaPuntsSimple.pdf>] [934

] [935

] [936

]
<./dibujos/DendogramaPuntsComplet.pdf, id=6948, 433.62pt x 433.62pt>
File: ./dibujos/DendogramaPuntsComplet.pdf Graphic file (type pdf)

<use ./dibujos/DendogramaPuntsComplet.pdf>
Overfull \vbox (54.39201pt too high) detected at line 797
 []

[937

 <./dibujos/DendogramaPuntsComplet.pdf>]
<./dibujos/DendogramaPuntsAverage.pdf, id=6961, 433.62pt x 433.62pt>
File: ./dibujos/DendogramaPuntsAverage.pdf Graphic file (type pdf)

<use ./dibujos/DendogramaPuntsAverage.pdf>
Overfull \vbox (54.39201pt too high) detected at line 804
 []

[938

 <./dibujos/DendogramaPuntsAverage.pdf>]
<./dibujos/DendogramaPuntsWard.pdf, id=6973, 433.62pt x 433.62pt>
File: ./dibujos/DendogramaPuntsWard.pdf Graphic file (type pdf)

<use ./dibujos/DendogramaPuntsWard.pdf>
Overfull \vbox (54.39201pt too high) detected at line 811
 []

[939

 <./dibujos/DendogramaPuntsWard.pdf>] [940

]) [941


]
\tf@nav=\write6
\openout6 = `mat2ciencias20100714.nav'.

\tf@toc=\write7
\openout7 = `mat2ciencias20100714.toc'.

\tf@snm=\write8
\openout8 = `mat2ciencias20100714.snm'.


(./mat2ciencias20100714.aux (./01Descriptiva.aux) (./02VariablesAleatorias.aux)
(./03Muestreo.aux) (./04Inferencia.aux) (./05Anova.aux) (./06BondadAjuste.aux)
(./07IntroduccionMultidimensional.aux) (./08Regresion.aux) (./09Acp.aux)
(./10EscaladoMultidimensional.aux) (./11AnalisisCorrespondencias.aux)
(./12Clasificacion.aux)) ) 
Here is how much of TeX's memory you used:
 20839 strings out of 494999
 329328 string characters out of 1180815
 465271 words of memory out of 3000000
 21055 multiletter control sequences out of 15000+50000
 89543 words of font info for 184 fonts, out of 3000000 for 9000
 54 hyphenation exceptions out of 8191
 45i,22n,59p,816b,753s stack positions out of 5000i,500n,10000p,200000b,50000s
</usr/share/texmf-texlive/fonts/type1/public/amsfonts
/cm/cmex10.pfb></usr/share/texmf-texlive/fonts/type1/public/amsfonts/cmextra/cm
ex7.pfb></usr/share/texmf-texlive/fonts/type1/public/amsfonts/cmextra/cmex8.pfb
></usr/share/texmf-texlive/fonts/type1/public/amsfonts/cmextra/cmex9.pfb></usr/
share/texmf-texlive/fonts/type1/public/amsfonts/cm/cmmi10.pfb></usr/share/texmf
-texlive/fonts/type1/public/amsfonts/cm/cmmi12.pfb></usr/share/texmf-texlive/fo
nts/type1/public/amsfonts/cm/cmmi5.pfb></usr/share/texmf-texlive/fonts/type1/pu
blic/amsfonts/cm/cmmi6.pfb></usr/share/texmf-texlive/fonts/type1/public/amsfont
s/cm/cmmi7.pfb></usr/share/texmf-texlive/fonts/type1/public/amsfonts/cm/cmmi8.p
fb></usr/share/texmf-texlive/fonts/type1/public/amsfonts/cm/cmmi9.pfb></usr/sha
re/texmf-texlive/fonts/type1/public/amsfonts/cm/cmr10.pfb></usr/share/texmf-tex
live/fonts/type1/public/amsfonts/cm/cmr5.pfb></usr/share/texmf-texlive/fonts/ty
pe1/public/amsfonts/cm/cmr7.pfb></usr/share/texmf-texlive/fonts/type1/public/am
sfonts/cm/cmr8.pfb></usr/share/texmf-texlive/fonts/type1/public/amsfonts/cm/cms
ltt10.pfb></usr/share/texmf-texlive/fonts/type1/public/amsfonts/cm/cmss10.pfb><
/usr/share/texmf-texlive/fonts/type1/public/amsfonts/cm/cmss12.pfb></usr/share/
texmf-texlive/fonts/type1/public/amsfonts/cm/cmss8.pfb></usr/share/texmf-texliv
e/fonts/type1/public/amsfonts/cm/cmss9.pfb></usr/share/texmf-texlive/fonts/type
1/public/amsfonts/cm/cmssbx10.pfb></usr/share/texmf-texlive/fonts/type1/public/
amsfonts/cm/cmssi10.pfb></usr/share/texmf-texlive/fonts/type1/public/amsfonts/c
m/cmssi12.pfb></usr/share/texmf-texlive/fonts/type1/public/amsfonts/cm/cmssi8.p
fb></usr/share/texmf-texlive/fonts/type1/public/amsfonts/cm/cmssi9.pfb></usr/sh
are/texmf-texlive/fonts/type1/public/amsfonts/cm/cmsy10.pfb></usr/share/texmf-t
exlive/fonts/type1/public/amsfonts/cm/cmsy5.pfb></usr/share/texmf-texlive/fonts
/type1/public/amsfonts/cm/cmsy6.pfb></usr/share/texmf-texlive/fonts/type1/publi
c/amsfonts/cm/cmsy7.pfb></usr/share/texmf-texlive/fonts/type1/public/amsfonts/c
m/cmsy8.pfb></usr/share/texmf-texlive/fonts/type1/public/amsfonts/cm/cmsy9.pfb>
</usr/share/texmf-texlive/fonts/type1/public/amsfonts/cm/cmtt10.pfb></usr/share
/texmf-texlive/fonts/type1/public/amsfonts/cm/cmtt12.pfb></usr/share/texmf-texl
ive/fonts/type1/public/amsfonts/cm/cmtt8.pfb></usr/share/texmf-texlive/fonts/ty
pe1/public/amsfonts/cm/cmtt9.pfb></usr/share/texmf-texlive/fonts/type1/public/a
msfonts/symbols/msam7.pfb></usr/share/texmf-texlive/fonts/type1/public/amsfonts
/symbols/msbm10.pfb>
Output written on mat2ciencias20100714.pdf (941 pages, 2760505 bytes).
PDF statistics:
 7559 PDF objects out of 8907 (max. 8388607)
 2111 named destinations out of 2487 (max. 500000)
 1830 words of extra memory for PDF output out of 10000 (max. 10000000)

