This is pdfTeX, Version 3.14159265-2.6-1.40.19 (TeX Live 2019/dev/Debian) (preloaded format=pdflatex 2019.4.19)  28 SEP 2019 10:44
entering extended mode
 restricted \write18 enabled.
 %&-line parsing enabled.
**TotalInfII.tex
(./TotalInfII.tex
LaTeX2e <2018-12-01>
(/usr/share/texlive/texmf-dist/tex/latex/base/book.cls
Document Class: book 2018/09/03 v1.4i Standard LaTeX document class
(/usr/share/texlive/texmf-dist/tex/latex/base/bk11.clo
File: bk11.clo 2018/09/03 v1.4i Standard LaTeX file (size option)
)
\c@part=\count80
\c@chapter=\count81
\c@section=\count82
\c@subsection=\count83
\c@subsubsection=\count84
\c@paragraph=\count85
\c@subparagraph=\count86
\c@figure=\count87
\c@table=\count88
\abovecaptionskip=\skip41
\belowcaptionskip=\skip42
\bibindent=\dimen102
)
(/usr/share/texlive/texmf-dist/tex/latex/base/makeidx.sty
Package: makeidx 2014/09/29 v1.0m Standard LaTeX package
)
(/usr/share/texlive/texmf-dist/tex/generic/babel/babel.sty
Package: babel 2018/11/13 3.27 The Babel package

(/usr/share/texlive/texmf-dist/tex/generic/babel/switch.def
File: switch.def 2018/11/13 3.27 Babel switching mechanism
)
(/usr/share/texlive/texmf-dist/tex/generic/babel-catalan/catalan.ldf
Language: catalan 2005/03/29 v2.2p Catalan support from the babel system

(/usr/share/texlive/texmf-dist/tex/generic/babel/babel.def
File: babel.def 2018/11/13 3.27 Babel common definitions
\babel@savecnt=\count89
\U@D=\dimen103

(/usr/share/texlive/texmf-dist/tex/generic/babel/txtbabel.def)
\bbl@dirlevel=\count90
)
Package babel Info: Making " an active character on input line 91.
Warning: You are using encoding OT1 instead of T1.
Some word breaks will not be found.
\leftllkern=\dimen104
\rightllkern=\dimen105
\raiselldim=\dimen106
))
(./fancybox.sty
Package: fancybox 2000/09/19 1.3

Style option: `fancybox' v1.3 <2000/09/19> (tvz)
\@fancybox=\box27
\shadowsize=\dimen107
\@Sbox=\box28
\do@VerbBox=\toks14
\the@fancyput=\toks15
\this@fancyput=\toks16
\EndVerbatimTokens=\toks17
\Verbatim@Outfile=\write3
\Verbatim@Infile=\read1
) (/usr/share/texlive/texmf-dist/tex/latex/fancyhdr/fancyhdr.sty
Package: fancyhdr 2019/01/31 v3.10 Extensive control of page headers and footer
s
\f@nch@headwidth=\skip43
\f@nch@O@elh=\skip44
\f@nch@O@erh=\skip45
\f@nch@O@olh=\skip46
\f@nch@O@orh=\skip47
\f@nch@O@elf=\skip48
\f@nch@O@erf=\skip49
\f@nch@O@olf=\skip50
\f@nch@O@orf=\skip51
)
(/usr/share/texlive/texmf-dist/tex/latex/base/latexsym.sty
Package: latexsym 1998/08/17 v2.2e Standard LaTeX package (lasy symbols)
\symlasy=\mathgroup4
LaTeX Font Info:    Overwriting symbol font `lasy' in version `bold'
(Font)                  U/lasy/m/n --> U/lasy/b/n on input line 52.
)
(/usr/share/texlive/texmf-dist/tex/latex/multirow/multirow.sty
Package: multirow 2019/01/01 v2.4 Span multiple rows of a table
\multirow@colwidth=\skip52
\multirow@cntb=\count91
\multirow@dima=\skip53
\bigstrutjot=\dimen108
)
(/usr/share/texlive/texmf-dist/tex/latex/tools/array.sty
Package: array 2018/12/30 v2.4k Tabular extension package (FMi)
\col@sep=\dimen109
\ar@mcellbox=\box29
\extrarowheight=\dimen110
\NC@list=\toks18
\extratabsurround=\skip54
\backup@length=\skip55
\ar@cellbox=\box30
)
(/usr/share/texlive/texmf-dist/tex/latex/eepic/epic.sty
Enhancements to Picture Environment. Version 1.2 - Released June 1, 1986
\@@multicnt=\count92
\d@lta=\count93
\@delta=\dimen111
\@@delta=\dimen112
\@gridcnt=\count94
\@joinkind=\count95
\@dotgap=\dimen113
\@ddotgap=\dimen114
\@x@diff=\count96
\@y@diff=\count97
\x@diff=\dimen115
\y@diff=\dimen116
\@dotbox=\box31
\num@segments=\count98
\num@segmentsi=\count99
\@datafile=\read2
) (/usr/share/texlive/texmf-dist/tex/latex/tools/calc.sty
Package: calc 2017/05/25 v4.3 Infix arithmetic (KKT,FJ)
\calc@Acount=\count100
\calc@Bcount=\count101
\calc@Adimen=\dimen117
\calc@Bdimen=\dimen118
\calc@Askip=\skip56
\calc@Bskip=\skip57
LaTeX Info: Redefining \setlength on input line 80.
LaTeX Info: Redefining \addtolength on input line 81.
\calc@Ccount=\count102
\calc@Cskip=\skip58
)
\@indexfile=\write4
\openout4 = `TotalInfII.idx'.


Writing index file TotalInfII.idx
\bbbfam=\mathgroup5
\c@problema=\count103
(./TotalInfII.aux (./PInf6.aux) (./PInf7.aux) (./PInf8.aux) (./PInf9.aux)
(./PInf10.aux) (./PInf11.aux) (./PInf12.aux) (./PInf13.aux)
(./TaulaContrast.aux) (./Prac.aux) (./Nor.aux) (./td.aux) (./xi.aux) (./Fl.aux)
(./Kolmogorov.aux))
\openout1 = `TotalInfII.aux'.

LaTeX Font Info:    Checking defaults for OML/cmm/m/it on input line 139.
LaTeX Font Info:    ... okay on input line 139.
LaTeX Font Info:    Checking defaults for T1/cmr/m/n on input line 139.
LaTeX Font Info:    ... okay on input line 139.
LaTeX Font Info:    Checking defaults for OT1/cmr/m/n on input line 139.
LaTeX Font Info:    ... okay on input line 139.
LaTeX Font Info:    Checking defaults for OMS/cmsy/m/n on input line 139.
LaTeX Font Info:    ... okay on input line 139.
LaTeX Font Info:    Checking defaults for OMX/cmex/m/n on input line 139.
LaTeX Font Info:    ... okay on input line 139.
LaTeX Font Info:    Checking defaults for U/cmr/m/n on input line 139.
LaTeX Font Info:    ... okay on input line 139.
LaTeX Info: Redefining \l on input line 139.
LaTeX Info: Redefining \L on input line 139.
\c@proposition=\count104
\c@defin=\count105
\c@cas=\count106
\c@aux=\count107
\amplada=\skip59
LaTeX Font Info:    External font `cmex10' loaded for size
(Font)              <12> on input line 212.
LaTeX Font Info:    External font `cmex10' loaded for size
(Font)              <8> on input line 212.
LaTeX Font Info:    External font `cmex10' loaded for size
(Font)              <6> on input line 212.
LaTeX Font Info:    Try loading font information for U+lasy on input line 212.
 (/usr/share/texlive/texmf-dist/tex/latex/base/ulasy.fd
File: ulasy.fd 1998/08/17 v2.2e LaTeX symbol font definitions
)
[1


{/var/lib/texmf/fonts/map/pdftex/updmap/pdftex.map}] (./PrefaciII.tex
[2

]
Underfull \vbox (badness 10000) has occurred while \output is active []

 [1

]
[2]) (./TotalInfII.toc
LaTeX Font Info:    External font `cmex10' loaded for size
(Font)              <10.95> on input line 4.
 [1



] [2]
Underfull \vbox (badness 1642) has occurred while \output is active []

 [3]
[4])
\tf@toc=\write5
\openout5 = `TotalInfII.toc'.

 [5] [6

] (./TotalInfII.lof)
\tf@lof=\write6
\openout6 = `TotalInfII.lof'.

 [7]
\openout2 = `PInf6.aux'.

 (./PInf6.tex [8


]
Cap\'{\i }tol 1.
[9] [10]
Overfull \hbox (2.85992pt too wide) in paragraph at lines 121--125
[]\OT1/cmr/m/n/10.95 Sigui $\OML/cmm/m/it/10.95 X[]; [] ; X[]$ \OT1/cmr/m/n/10.
95 una mos-tra ale-at^^Roria sim-ple d'u-na va-ri-a-ble ale-at^^Roria $\OML/cmm
/m/it/10.95 X$ \OT1/cmr/m/n/10.95 amb dis-tri-bu-ci^^So $\OML/cmm/m/it/10.95 N\
OT1/cmr/m/n/10.95 (\OML/cmm/m/it/10.95 ^^V; ^^[[]\OT1/cmr/m/n/10.95 )$.
 []

[11]
Overfull \hbox (55.99454pt too wide) in paragraph at lines 195--195
[]\OT1/cmr/bx/n/10.95 Resoluci^^So. \OT1/cmss/m/n/10.95 Con-si-de-rem la va-ri-
a-ble ale-at^^Roria $\OML/cmm/m/it/10.95 T$\OT1/cmss/m/n/10.95 :``durada d'u-na
 bom-be-ta''. Te-nim que $\OML/cmm/m/it/10.95 T$ \OT1/cmss/m/n/10.95 ^^Ses []
 []

[12] [13]
LaTeX Font Info:    External font `cmex10' loaded for size
(Font)              <9> on input line 318.
LaTeX Font Info:    External font `cmex10' loaded for size
(Font)              <5> on input line 318.
 [14] [15] [16] [17] [18]
Overfull \hbox (2.36415pt too wide) in paragraph at lines 592--599
\OT1/cmr/bx/n/10.95 1.5.-  \OT1/cmr/m/n/10.95 Si-gui $\OML/cmm/m/it/10.95 X[]; 
X[]; [] ; X[]$ \OT1/cmr/m/n/10.95 una mos-tra ale-at^^Roria sim-ple d'u-na va-r
i-a-ble ale-at^^Roria nor-mal amb par^^Rametres
 []


Underfull \hbox (badness 10000) in paragraph at lines 600--605
\OT1/cmr/m/n/10.95 co-ne-gu-da i va-ri^^Rancia $\OML/cmm/m/it/10.95 ^^[[]$ \OT1
/cmr/m/n/10.95 des-co-ne-gu-da. De-fi-nim 
 []


Underfull \hbox (badness 10000) in paragraph at lines 620--628
[] \OT1/cmr/m/n/10.95 Si-gui la va-ri-a-ble ale-at^^Roria $\OML/cmm/m/it/10.95 
Y \OT1/cmr/m/n/10.95 = []$. Tro-bau
 []

[19]) [20]
\openout2 = `PInf7.aux'.

 (./PInf7.tex
Cap\'{\i }tol 2.

Underfull \vbox (badness 3460) has occurred while \output is active []

 [21



]
Underfull \hbox (badness 10000) in paragraph at lines 65--71
[]\OT1/cmr/m/it/10.95 Donada la fun-ci^^So de ver-sem-blan^^Xca $\OML/cmm/m/it/
10.95 L\OT1/cmr/m/n/10.95 (\OML/cmm/m/it/10.95 ^^U\OT1/cmr/m/n/10.95 )$ \OT1/cm
r/m/it/10.95 d'u-na mos-tra, si-gui 
 []

[22]
Underfull \hbox (badness 10000) in paragraph at lines 145--152
\OT1/cmr/m/it/10.95 dep^^Ren d'un par^^Rametre[] des-co-ne-gut $\OML/cmm/m/it/1
0.95 ^^M$\OT1/cmr/m/it/10.95 , l'es-tad^^S^^Pstica
 []


Underfull \hbox (badness 10000) in paragraph at lines 164--170
\OT1/cmr/m/it/10.95 ci^^So de la qual dep^^Ren d'un par^^Rametre des-co-ne-gut 
$\OML/cmm/m/it/10.95 ^^M$\OT1/cmr/m/it/10.95 . Si-gui 
 []

[23] [24] [25] [26] [27] [28] [29] [30] [31] [32] [33] [34] [35] [36]
Underfull \hbox (badness 10000) in paragraph at lines 915--915
[]\OT1/cmss/m/n/10.95 Calculem pri-mer l'es-pe-ran^^Xca de $[]$ re-cor-dant que
 l'es-pe-ran^^Xca de la va-ri-a-ble
 []

[37] [38] [39] [40] [41] [42] [43] [44] [45]) [46]
\openout2 = `PInf8.aux'.

 (./PInf8.tex
Cap\'{\i }tol 3.
LaTeX Font Info:    Try loading font information for OMS+cmr on input line 8.
(/usr/share/texlive/texmf-dist/tex/latex/base/omscmr.fd
File: omscmr.fd 2014/09/29 v2.5h Standard LaTeX font definitions
)
LaTeX Font Info:    Font shape `OMS/cmr/m/n' in size <10.95> not available
(Font)              Font shape `OMS/cmsy/m/n' tried instead on input line 8.
 [47



]
Underfull \hbox (badness 10000) in paragraph at lines 92--98
[]\OT1/cmr/m/it/10.95 Sigui $\OML/cmm/m/it/10.95 X$ \OT1/cmr/m/it/10.95 una va-
ri-a-ble ale-at^^Roria amb dis-tri-bu-ci^^So $\OML/cmm/m/it/10.95 N\OT1/cmr/m/n
/10.95 (\OML/cmm/m/it/10.95 ^^V; ^^[[]\OT1/cmr/m/n/10.95 )$\OT1/cmr/m/it/10.95 
. Si 
 []

[48] [49] [50] [51] [52] [53] [54] [55]
Underfull \hbox (badness 10000) in paragraph at lines 538--546
\OT1/cmr/bx/n/10.95 3.7.-   \OT1/cmr/m/n/10.95 Si-gui $\OML/cmm/m/it/10.95 X[];
 [] ; X[]$ \OT1/cmr/m/n/10.95 una mos-tra ale-at^^Roria sim-ple d'u-na va-ri-a-
ble ale-at^^Roria
 []

)
Underfull \hbox (badness 10000) in paragraph at lines 559--219
\OT1/cmr/bx/n/10.95 3.9.-  \OT1/cmr/m/n/10.95 Si-gui $\OML/cmm/m/it/10.95 X[]; 
[] ; X[]$ \OT1/cmr/m/n/10.95 una mos-tra ale-at^^Roria sim-ple d'u-na va-ri-a-b
le ale-at^^Roria
 []

[56] [57]
\openout2 = `PInf9.aux'.

 (./PInf9.tex [58



]
Cap\'{\i }tol 4.

Underfull \vbox (badness 10000) has occurred while \output is active []

 [59]
Underfull \hbox (badness 5189) in paragraph at lines 62--68
[]\OT1/cmr/m/n/10.95 Donada una re-gi^^So cr^^S^^Ptica $\OML/cmm/m/it/10.95 R:C
:$\OT1/cmr/m/n/10.95 , s'a-no-me-na \OT1/cmr/bx/n/10.95 ni-vell de sig-ni-fi-ca
-ci^^So []\OT1/cmr/m/n/10.95 de la re-gi^^So a 
 []


Overfull \hbox (2.34932pt too wide) in paragraph at lines 99--105
\OT1/cmr/m/n/10.95 ^^Ses una re-gi^^So cr^^S^^Ptica ^^Roptima []amb ni-vell de 
sig-ni-fi-ca-ci^^So $\OML/cmm/m/it/10.95 $\OT1/cmr/m/n/10.95 , on $\OML/cmm/m/
it/10.95 k$ []\OT1/cmr/m/n/10.95 s'e-le-geix de ma-ne-ra que $\OML/cmm/m/it/10.
95 p [] \OT1/cmr/m/n/10.95 =
 []

[60] [61] [62] [63] [64] [65]
Overfull \hbox (14.14339pt too wide) in paragraph at lines 1049--1049
[]\OT1/cmr/bx/n/10.95 Resoluci^^So. \OT1/cmss/m/n/10.95 Con-si-de-rem $\OML/cmm
/m/it/10.95 X[]; [] ; X[]$ \OT1/cmss/m/n/10.95 una mos-tra ale-at^^Roria sim-pl
e de la va-ri-a-ble ale-at^^Roria [] 
 []

[66] [67] [68] [69] [70]
Underfull \vbox (badness 10000) has occurred while \output is active []

 [71]
[72] [73] [74] [75] [76] [77] [78] [79] [80]) [81]
\openout2 = `PInf10.aux'.

 (./PInf10.tex [82



]
Cap\'{\i }tol 5.
[83]
Underfull \hbox (badness 10000) in paragraph at lines 50--54
[]\OT1/cmr/m/n/10.95 Es pren com a cert que l'a-pro-xi-ma-ci^^So $\OML/cmm/m/it
/10.95 ^^_[]$ \OT1/cmr/m/n/10.95 ^^Ses bo-na per a $\OML/cmm/m/it/10.95 u$ \OT1
/cmr/m/n/10.95 sem-pre que 
 []


Underfull \hbox (badness 10000) in paragraph at lines 72--77
[]\OT1/cmr/m/it/10.95 Aleshores $\OT1/cmr/m/n/10.95 (\OML/cmm/m/it/10.95 X[]; [
] ; X[]\OT1/cmr/m/n/10.95 )$ \OT1/cmr/m/it/10.95 ^^Ses un vec-tor ale-a-to-ri m
ul-ti-no-mi-al []amb par^^Rametres
 []


Underfull \hbox (badness 7685) in paragraph at lines 72--77
[]$\OML/cmm/m/it/10.95 n; p[]; [] ; p[]$\OT1/cmr/m/it/10.95 , on $\OML/cmm/m/it
/10.95 n$ \OT1/cmr/m/it/10.95 ^^Ses la grand^^Raria de la mos-tra (de $\OML/cmm
/m/it/10.95 Y$\OT1/cmr/m/it/10.95 ) i $\OML/cmm/m/it/10.95 p[] \OT1/cmr/m/n/10.
95 = \OML/cmm/m/it/10.95 p [] ;$
 []

[84] [85]
Underfull \vbox (badness 10000) has occurred while \output is active []

 [86]
Overfull \hbox (1.96396pt too wide) in paragraph at lines 325--325
[]|$\OT1/cmr/m/n/10.95 8\OML/cmm/m/it/10.95 :\OT1/cmr/m/n/10.95 3011$|  
 []

[87] [88] [89] [90] [91] [92] [93] [94] [95] [96] [97] [98]
Underfull \hbox (badness 10000) in paragraph at lines 904--910
\OT1/cmr/bx/n/10.95 5.5.-  \OT1/cmr/m/n/10.95 Con-si-de-rem la seg^^?uent mos-t
ra ale-at^^Roria sim-ple d'u-na v.a. $\OML/cmm/m/it/10.95 X$ \OT1/cmr/m/n/10.95
 tal que
 []

[99] [100] [101]) [102]
\openout2 = `PInf11.aux'.

 (./PInf11.tex
Cap\'{\i }tol 6.
[103



]
Underfull \vbox (badness 1292) has occurred while \output is active []

 [104]
[105] [106]) [107]
\openout2 = `PInf12.aux'.

 (./PInf12.tex [108



]
Cap\'{\i }tol 7.

Underfull \hbox (badness 10000) in paragraph at lines 26--33
[]\OT1/cmr/m/n/10.95 Siguin $\OML/cmm/m/it/10.95 Y[]; [] ; Y[]$ $k$ \OT1/cmr/m/
n/10.95 va-ri-a-bles ale-at^^Rories nor-mals amb mit-ja-nes [][] res-pec-ti-ves

 []

[109] [110] [111] [112] [113]
Underfull \hbox (badness 10000) in paragraph at lines 230--233
[]\OT1/cmr/m/n/10.95 Sigui $\OML/cmm/m/it/10.95 Y[]; [] ; Y[]$ \OT1/cmr/m/n/10.
95 una mos-tra ale-at^^Roria sim-ple de la va-ri-a-ble ale-at^^Roria $\OML/cmm/
m/it/10.95 Y[]$
 []

[114] [115] [116] [117] [118] [119] [120] [121] [122]
LaTeX Font Info:    Try loading font information for OMS+cmss on input line 799
.
LaTeX Font Info:    No file OMScmss.fd. on input line 799.


LaTeX Font Warning: Font shape `OMS/cmss/m/n' undefined
(Font)              using `OMS/cmsy/m/n' instead
(Font)              for symbol `textbullet' on input line 799.

[123] [124]
Underfull \vbox (badness 1132) has occurred while \output is active []

 [125]
[126] [127]
Underfull \vbox (badness 1237) has occurred while \output is active []

 [128]
[129] [130] [131] [132]) [133]
\openout2 = `PInf13.aux'.

 (./PInf13.tex [134



]
Cap\'{\i }tol 8.
[135] [136] [137]
Underfull \hbox (badness 10000) in paragraph at lines 173--179
\OT1/cmr/m/n/10.95 Suposem a par-tir d'a-ra que les va-ri-a-bles ale-at^^Rories
 $\OML/cmm/m/it/10.95 Y[]$ \OT1/cmr/m/n/10.95 s^^Son nor-mals
 []

[138] [139] [140] [141] [142] [143]
Overfull \vbox (13.6pt too high) detected at line 460
 []


Overfull \vbox (13.6pt too high) detected at line 461
 []


Overfull \vbox (13.6pt too high) detected at line 462
 []


Overfull \vbox (13.6pt too high) detected at line 462
 []


Overfull \hbox (1.20561pt too wide) in paragraph at lines 463--463
[]|\OT1/cmr/m/n/10.95 Estad^^S^^Pstic $\OML/cmm/m/it/10.95 F$|  
 []


Overfull \hbox (5.81374pt too wide) in paragraph at lines 467--467
\OT1/cmr/m/n/10.95 d'ajustament|  
 []


Overfull \vbox (13.6pt too high) detected at line 467
 []

[144] [145] [146] [147] [148] [149] [150] [151]) [152]
\openout2 = `TaulaContrast.aux'.

 (./TaulaContrast.tex
Ap\`endix A.
LaTeX Font Info:    External font `cmex10' loaded for size
(Font)              <14.4> on input line 30.
LaTeX Font Info:    External font `cmex10' loaded for size
(Font)              <7> on input line 30.

Underfull \vbox (badness 4217) has occurred while \output is active []

 [153



]
[154]
Overfull \hbox (10.0pt too wide) in paragraph at lines 77--102
[]$[]$ 
 []

[155] [156]
Overfull \hbox (10.0pt too wide) in paragraph at lines 201--224
[]$[]$
 []


Underfull \hbox (badness 10000) in paragraph at lines 201--224

 []

[157]
Underfull \vbox (badness 10000) has occurred while \output is active []

 [158]
Overfull \hbox (10.0pt too wide) in paragraph at lines 351--445
[]$[]$ 
 []

)
Underfull \vbox (badness 10000) has occurred while \output is active []

 [159]
[160]
\openout2 = `Prac.aux'.

 (./Prac.tex
Ap\`endix B.
[161



]
Overfull \hbox (1.83553pt too wide) in paragraph at lines 69--75
[]\OT1/cmr/m/n/10.95 Siguin $\OML/cmm/m/it/10.95 X[]; [] ; X[]$ \OT1/cmr/m/n/10
.95 les mar-ques de clas-se de la va-ri-a-ble agru-pa-da amb l^^S^^Pmits re-als
 i $\OML/cmm/m/it/10.95 X[]; [] ; X[]$
 []


LaTeX Warning: `h' float specifier changed to `ht'.

[162]
Underfull \hbox (badness 10000) in paragraph at lines 167--171
[]\OT1/cmr/m/n/10.95 Quins dels va-lors $[](\OML/cmm/m/it/10.95 X[]\OT1/cmr/m/n
/10.95 )$ o $[](\OML/cmm/m/it/10.95 X[]\OT1/cmr/m/n/10.95 )$ s'a-pro-xi-men m^^
Ses a 
 []

[163]
Underfull \hbox (badness 10000) in paragraph at lines 274--278
[]\OT1/cmr/m/n/10.95 Quins dels va-lors $[](\OML/cmm/m/it/10.95 X[]\OT1/cmr/m/n
/10.95 )$ o $[](\OML/cmm/m/it/10.95 X[]\OT1/cmr/m/n/10.95 )$ s'a-pro-xi-men m^^
Ses a 
 []

[164] [165] [166] [167]
\plotpoint=\box32
 [168]
Underfull \vbox (badness 1902) has occurred while \output is active []

 [169]
Underfull \hbox (badness 10000) in paragraph at lines 786--789
\OT1/cmr/m/n/10.95 Trobau $\OML/cmm/m/it/10.95 []\OT1/cmr/m/n/10.95 (\OML/cmm/
m/it/10.95 ^^V[]\OT1/cmr/m/n/10.95 )$: er-ror ti-pus I m^^Raxim a par-tir del q
ual re-but-jam la hip^^Rotesi
 []

[170]
Underfull \hbox (badness 10000) in paragraph at lines 845--847
\OT1/cmr/m/n/10.95 Considerem $(\OML/cmm/m/it/10.95 X[]; [] ; X[]\OT1/cmr/m/n/1
0.95 )$ una va-ri-a-ble ale-at^^Roria mul-ti-no-mi-al amb par^^Rametres
 []

[171] [172] [173] [174] [175]) [176]
\openout2 = `Nor.aux'.

 (./Nor.tex
Ap\`endix C.
[177



]) [178]
\openout2 = `td.aux'.

 (./td.tex

LaTeX Font Warning: Command \scriptsize invalid in math mode on input line 20.

) [179


]
\openout2 = `xi.aux'.

 (./xi.tex

LaTeX Font Warning: Command \scriptsize invalid in math mode on input line 19.

[180


]

LaTeX Font Warning: Command \scriptsize invalid in math mode on input line 89.

[181]

LaTeX Font Warning: Command \scriptsize invalid in math mode on input line 159.


[182]

LaTeX Font Warning: Command \scriptsize invalid in math mode on input line 229.


[183]

LaTeX Font Warning: Command \scriptsize invalid in math mode on input line 299.


[184]

LaTeX Font Warning: Command \scriptsize invalid in math mode on input line 369.


) [185]
\openout2 = `Fl.aux'.

 (./Fl.tex [186


] [187] [188] [189] [190] [191] [192] [193]
Overfull \hbox (19.5894pt too wide) detected at line 1454
[]
 []


Underfull \vbox (badness 10000) has occurred while \output is active []

 [194]
[195] [196] [197] [198] [199] [200] [201] [202] [203] [204] [205] [206]
[207] [208] [209] [210] [211] [212] [213] [214] [215] [216] [217] [218]
[219] [220] [221]) [222]
\openout2 = `Kolmogorov.aux'.

 (./Kolmogorov.tex [223


]) (./TotalInfII.bbl [224


])
(./TotalInfII.ind [225] [226

] [227] [228] [229

]) (./TotalInfII.aux (./PInf6.aux) (./PInf7.aux) (./PInf8.aux) (./PInf9.aux) (.
/PInf10.aux) (./PInf11.aux)
(./PInf12.aux) (./PInf13.aux) (./TaulaContrast.aux) (./Prac.aux) (./Nor.aux)
(./td.aux) (./xi.aux) (./Fl.aux) (./Kolmogorov.aux))

LaTeX Font Warning: Some font shapes were not available, defaults substituted.

 ) 
Here is how much of TeX's memory you used:
 1790 strings out of 494385
 21984 string characters out of 6172919
 199259 words of memory out of 5000000
 5357 multiletter control sequences out of 15000+600000
 15791 words of font info for 60 fonts, out of 8000000 for 9000
 107 hyphenation exceptions out of 8191
 33i,25n,43p,287b,401s stack positions out of 5000i,500n,10000p,200000b,80000s
</usr/share/texlive/texmf-dist/fonts/type1/public/amsfonts/cm/cmbx10.pfb></us
r/share/texlive/texmf-dist/fonts/type1/public/amsfonts/cm/cmbx12.pfb></usr/shar
e/texlive/texmf-dist/fonts/type1/public/amsfonts/cm/cmex10.pfb></usr/share/texl
ive/texmf-dist/fonts/type1/public/amsfonts/cm/cmmi10.pfb></usr/share/texlive/te
xmf-dist/fonts/type1/public/amsfonts/cm/cmmi12.pfb></usr/share/texlive/texmf-di
st/fonts/type1/public/amsfonts/cm/cmmi5.pfb></usr/share/texlive/texmf-dist/font
s/type1/public/amsfonts/cm/cmmi6.pfb></usr/share/texlive/texmf-dist/fonts/type1
/public/amsfonts/cm/cmmi7.pfb></usr/share/texlive/texmf-dist/fonts/type1/public
/amsfonts/cm/cmmi8.pfb></usr/share/texlive/texmf-dist/fonts/type1/public/amsfon
ts/cm/cmmi9.pfb></usr/share/texlive/texmf-dist/fonts/type1/public/amsfonts/cm/c
mr10.pfb></usr/share/texlive/texmf-dist/fonts/type1/public/amsfonts/cm/cmr12.pf
b></usr/share/texlive/texmf-dist/fonts/type1/public/amsfonts/cm/cmr17.pfb></usr
/share/texlive/texmf-dist/fonts/type1/public/amsfonts/cm/cmr5.pfb></usr/share/t
exlive/texmf-dist/fonts/type1/public/amsfonts/cm/cmr6.pfb></usr/share/texlive/t
exmf-dist/fonts/type1/public/amsfonts/cm/cmr7.pfb></usr/share/texlive/texmf-dis
t/fonts/type1/public/amsfonts/cm/cmr8.pfb></usr/share/texlive/texmf-dist/fonts/
type1/public/amsfonts/cm/cmr9.pfb></usr/share/texlive/texmf-dist/fonts/type1/pu
blic/amsfonts/cm/cmss10.pfb></usr/share/texlive/texmf-dist/fonts/type1/public/a
msfonts/cm/cmss9.pfb></usr/share/texlive/texmf-dist/fonts/type1/public/amsfonts
/cm/cmsy10.pfb></usr/share/texlive/texmf-dist/fonts/type1/public/amsfonts/cm/cm
sy5.pfb></usr/share/texlive/texmf-dist/fonts/type1/public/amsfonts/cm/cmsy6.pfb
></usr/share/texlive/texmf-dist/fonts/type1/public/amsfonts/cm/cmsy8.pfb></usr/
share/texlive/texmf-dist/fonts/type1/public/amsfonts/cm/cmsy9.pfb></usr/share/t
exlive/texmf-dist/fonts/type1/public/amsfonts/cm/cmti10.pfb></usr/share/texlive
/texmf-dist/fonts/type1/public/amsfonts/cm/cmti12.pfb></usr/share/texlive/texmf
-dist/fonts/type1/public/amsfonts/cm/cmti7.pfb></usr/share/texlive/texmf-dist/f
onts/type1/public/amsfonts/cm/cmti8.pfb></usr/share/texlive/texmf-dist/fonts/ty
pe1/public/amsfonts/latxfont/line10.pfb></usr/share/texlive/texmf-dist/fonts/ty
pe1/public/amsfonts/symbols/msbm10.pfb></usr/share/texlive/texmf-dist/fonts/typ
e1/public/amsfonts/symbols/msbm6.pfb></usr/share/texlive/texmf-dist/fonts/type1
/public/amsfonts/symbols/msbm8.pfb>
Output written on TotalInfII.pdf (233 pages, 1112382 bytes).
PDF statistics:
 890 PDF objects out of 1000 (max. 8388607)
 615 compressed objects within 7 object streams
 0 named destinations out of 1000 (max. 500000)
 1 words of extra memory for PDF output out of 10000 (max. 10000000)

